Watching for file changes with StatReloader
Internal Server Error: /
Traceback (most recent call last):
  File "E:\Files\PycharmProjects\storage\.venv\Lib\site-packages\django\urls\base.py", line 71, in reverse
    extra, resolver = resolver.namespace_dict[ns]
                      ~~~~~~~~~~~~~~~~~~~~~~~^^^^
KeyError: 'users'

During handling of the above exception, another exception occurred:

Traceback (most recent call last):
  File "E:\Files\PycharmProjects\storage\.venv\Lib\site-packages\django\core\handlers\exception.py", line 55, in inner
    response = get_response(request)
  File "E:\Files\PycharmProjects\storage\.venv\Lib\site-packages\django\core\handlers\base.py", line 220, in _get_response
    response = response.render()
  File "E:\Files\PycharmProjects\storage\.venv\Lib\site-packages\django\template\response.py", line 114, in render
    self.content = self.rendered_content
                   ^^^^^^^^^^^^^^^^^^^^^
  File "E:\Files\PycharmProjects\storage\.venv\Lib\site-packages\django\template\response.py", line 92, in rendered_content
    return template.render(context, self._request)
           ~~~~~~~~~~~~~~~^^^^^^^^^^^^^^^^^^^^^^^^
  File "E:\Files\PycharmProjects\storage\.venv\Lib\site-packages\django\template\backends\django.py", line 61, in render
    return self.template.render(context)
           ~~~~~~~~~~~~~~~~~~~~^^^^^^^^^
  File "E:\Files\PycharmProjects\storage\.venv\Lib\site-packages\django\template\base.py", line 175, in render
    return self._render(context)
           ~~~~~~~~~~~~^^^^^^^^^
  File "E:\Files\PycharmProjects\storage\.venv\Lib\site-packages\django\template\base.py", line 167, in _render
    return self.nodelist.render(context)
           ~~~~~~~~~~~~~~~~~~~~^^^^^^^^^
  File "E:\Files\PycharmProjects\storage\.venv\Lib\site-packages\django\template\base.py", line 1005, in render
    return SafeString("".join([node.render_annotated(context) for node in self]))
                               ~~~~~~~~~~~~~~~~~~~~~^^^^^^^^^
  File "E:\Files\PycharmProjects\storage\.venv\Lib\site-packages\django\template\base.py", line 966, in render_annotated
    return self.render(context)
           ~~~~~~~~~~~^^^^^^^^^
  File "E:\Files\PycharmProjects\storage\.venv\Lib\site-packages\django\template\loader_tags.py", line 157, in render
    return compiled_parent._render(context)
           ~~~~~~~~~~~~~~~~~~~~~~~^^^^^^^^^
  File "E:\Files\PycharmProjects\storage\.venv\Lib\site-packages\django\template\base.py", line 167, in _render
    return self.nodelist.render(context)
           ~~~~~~~~~~~~~~~~~~~~^^^^^^^^^
  File "E:\Files\PycharmProjects\storage\.venv\Lib\site-packages\django\template\base.py", line 1005, in render
    return SafeString("".join([node.render_annotated(context) for node in self]))
                               ~~~~~~~~~~~~~~~~~~~~~^^^^^^^^^
  File "E:\Files\PycharmProjects\storage\.venv\Lib\site-packages\django\template\base.py", line 966, in render_annotated
    return self.render(context)
           ~~~~~~~~~~~^^^^^^^^^
  File "E:\Files\PycharmProjects\storage\.venv\Lib\site-packages\django\template\defaulttags.py", line 321, in render
    return nodelist.render(context)
           ~~~~~~~~~~~~~~~^^^^^^^^^
  File "E:\Files\PycharmProjects\storage\.venv\Lib\site-packages\django\template\base.py", line 1005, in render
    return SafeString("".join([node.render_annotated(context) for node in self]))
                               ~~~~~~~~~~~~~~~~~~~~~^^^^^^^^^
  File "E:\Files\PycharmProjects\storage\.venv\Lib\site-packages\django\template\base.py", line 966, in render_annotated
    return self.render(context)
           ~~~~~~~~~~~^^^^^^^^^
  File "E:\Files\PycharmProjects\storage\.venv\Lib\site-packages\django\template\defaulttags.py", line 471, in render
    url = reverse(view_name, args=args, kwargs=kwargs, current_app=current_app)
  File "E:\Files\PycharmProjects\storage\.venv\Lib\site-packages\django\urls\base.py", line 82, in reverse
    raise NoReverseMatch("%s is not a registered namespace" % key)
django.urls.exceptions.NoReverseMatch: 'users' is not a registered namespace
"GET /?ide_webview_request_time=1763894754398 HTTP/1.1" 500 155194
Not Found: /@vite/client
"GET /@vite/client HTTP/1.1" 404 2806
Internal Server Error: /
Traceback (most recent call last):
  File "E:\Files\PycharmProjects\storage\.venv\Lib\site-packages\django\urls\base.py", line 71, in reverse
    extra, resolver = resolver.namespace_dict[ns]
                      ~~~~~~~~~~~~~~~~~~~~~~~^^^^
KeyError: 'users'

During handling of the above exception, another exception occurred:

Traceback (most recent call last):
  File "E:\Files\PycharmProjects\storage\.venv\Lib\site-packages\django\core\handlers\exception.py", line 55, in inner
    response = get_response(request)
  File "E:\Files\PycharmProjects\storage\.venv\Lib\site-packages\django\core\handlers\base.py", line 220, in _get_response
    response = response.render()
  File "E:\Files\PycharmProjects\storage\.venv\Lib\site-packages\django\template\response.py", line 114, in render
    self.content = self.rendered_content
                   ^^^^^^^^^^^^^^^^^^^^^
  File "E:\Files\PycharmProjects\storage\.venv\Lib\site-packages\django\template\response.py", line 92, in rendered_content
    return template.render(context, self._request)
           ~~~~~~~~~~~~~~~^^^^^^^^^^^^^^^^^^^^^^^^
  File "E:\Files\PycharmProjects\storage\.venv\Lib\site-packages\django\template\backends\django.py", line 61, in render
    return self.template.render(context)
           ~~~~~~~~~~~~~~~~~~~~^^^^^^^^^
  File "E:\Files\PycharmProjects\storage\.venv\Lib\site-packages\django\template\base.py", line 175, in render
    return self._render(context)
           ~~~~~~~~~~~~^^^^^^^^^
  File "E:\Files\PycharmProjects\storage\.venv\Lib\site-packages\django\template\base.py", line 167, in _render
    return self.nodelist.render(context)
           ~~~~~~~~~~~~~~~~~~~~^^^^^^^^^
  File "E:\Files\PycharmProjects\storage\.venv\Lib\site-packages\django\template\base.py", line 1005, in render
    return SafeString("".join([node.render_annotated(context) for node in self]))
                               ~~~~~~~~~~~~~~~~~~~~~^^^^^^^^^
  File "E:\Files\PycharmProjects\storage\.venv\Lib\site-packages\django\template\base.py", line 966, in render_annotated
    return self.render(context)
           ~~~~~~~~~~~^^^^^^^^^
  File "E:\Files\PycharmProjects\storage\.venv\Lib\site-packages\django\template\loader_tags.py", line 157, in render
    return compiled_parent._render(context)
           ~~~~~~~~~~~~~~~~~~~~~~~^^^^^^^^^
  File "E:\Files\PycharmProjects\storage\.venv\Lib\site-packages\django\template\base.py", line 167, in _render
    return self.nodelist.render(context)
           ~~~~~~~~~~~~~~~~~~~~^^^^^^^^^
  File "E:\Files\PycharmProjects\storage\.venv\Lib\site-packages\django\template\base.py", line 1005, in render
    return SafeString("".join([node.render_annotated(context) for node in self]))
                               ~~~~~~~~~~~~~~~~~~~~~^^^^^^^^^
  File "E:\Files\PycharmProjects\storage\.venv\Lib\site-packages\django\template\base.py", line 966, in render_annotated
    return self.render(context)
           ~~~~~~~~~~~^^^^^^^^^
  File "E:\Files\PycharmProjects\storage\.venv\Lib\site-packages\django\template\defaulttags.py", line 321, in render
    return nodelist.render(context)
           ~~~~~~~~~~~~~~~^^^^^^^^^
  File "E:\Files\PycharmProjects\storage\.venv\Lib\site-packages\django\template\base.py", line 1005, in render
    return SafeString("".join([node.render_annotated(context) for node in self]))
                               ~~~~~~~~~~~~~~~~~~~~~^^^^^^^^^
  File "E:\Files\PycharmProjects\storage\.venv\Lib\site-packages\django\template\base.py", line 966, in render_annotated
    return self.render(context)
           ~~~~~~~~~~~^^^^^^^^^
  File "E:\Files\PycharmProjects\storage\.venv\Lib\site-packages\django\template\defaulttags.py", line 471, in render
    url = reverse(view_name, args=args, kwargs=kwargs, current_app=current_app)
  File "E:\Files\PycharmProjects\storage\.venv\Lib\site-packages\django\urls\base.py", line 82, in reverse
    raise NoReverseMatch("%s is not a registered namespace" % key)
django.urls.exceptions.NoReverseMatch: 'users' is not a registered namespace
"GET / HTTP/1.1" 500 155772
Not Found: /favicon.ico
"GET /favicon.ico HTTP/1.1" 404 2803
Not Found: /index
"GET /index HTTP/1.1" 404 2785
E:\Files\PycharmProjects\storage\config\urls.py changed, reloading.
Watching for file changes with StatReloader
Internal Server Error: /index
Traceback (most recent call last):
  File "E:\Files\PycharmProjects\storage\.venv\Lib\site-packages\django\urls\base.py", line 71, in reverse
    extra, resolver = resolver.namespace_dict[ns]
                      ~~~~~~~~~~~~~~~~~~~~~~~^^^^
KeyError: 'users'

During handling of the above exception, another exception occurred:

Traceback (most recent call last):
  File "E:\Files\PycharmProjects\storage\.venv\Lib\site-packages\django\core\handlers\exception.py", line 55, in inner
    response = get_response(request)
  File "E:\Files\PycharmProjects\storage\.venv\Lib\site-packages\django\core\handlers\base.py", line 220, in _get_response
    response = response.render()
  File "E:\Files\PycharmProjects\storage\.venv\Lib\site-packages\django\template\response.py", line 114, in render
    self.content = self.rendered_content
                   ^^^^^^^^^^^^^^^^^^^^^
  File "E:\Files\PycharmProjects\storage\.venv\Lib\site-packages\django\template\response.py", line 92, in rendered_content
    return template.render(context, self._request)
           ~~~~~~~~~~~~~~~^^^^^^^^^^^^^^^^^^^^^^^^
  File "E:\Files\PycharmProjects\storage\.venv\Lib\site-packages\django\template\backends\django.py", line 61, in render
    return self.template.render(context)
           ~~~~~~~~~~~~~~~~~~~~^^^^^^^^^
  File "E:\Files\PycharmProjects\storage\.venv\Lib\site-packages\django\template\base.py", line 175, in render
    return self._render(context)
           ~~~~~~~~~~~~^^^^^^^^^
  File "E:\Files\PycharmProjects\storage\.venv\Lib\site-packages\django\template\base.py", line 167, in _render
    return self.nodelist.render(context)
           ~~~~~~~~~~~~~~~~~~~~^^^^^^^^^
  File "E:\Files\PycharmProjects\storage\.venv\Lib\site-packages\django\template\base.py", line 1005, in render
    return SafeString("".join([node.render_annotated(context) for node in self]))
                               ~~~~~~~~~~~~~~~~~~~~~^^^^^^^^^
  File "E:\Files\PycharmProjects\storage\.venv\Lib\site-packages\django\template\base.py", line 966, in render_annotated
    return self.render(context)
           ~~~~~~~~~~~^^^^^^^^^
  File "E:\Files\PycharmProjects\storage\.venv\Lib\site-packages\django\template\loader_tags.py", line 157, in render
    return compiled_parent._render(context)
           ~~~~~~~~~~~~~~~~~~~~~~~^^^^^^^^^
  File "E:\Files\PycharmProjects\storage\.venv\Lib\site-packages\django\template\base.py", line 167, in _render
    return self.nodelist.render(context)
           ~~~~~~~~~~~~~~~~~~~~^^^^^^^^^
  File "E:\Files\PycharmProjects\storage\.venv\Lib\site-packages\django\template\base.py", line 1005, in render
    return SafeString("".join([node.render_annotated(context) for node in self]))
                               ~~~~~~~~~~~~~~~~~~~~~^^^^^^^^^
  File "E:\Files\PycharmProjects\storage\.venv\Lib\site-packages\django\template\base.py", line 966, in render_annotated
    return self.render(context)
           ~~~~~~~~~~~^^^^^^^^^
  File "E:\Files\PycharmProjects\storage\.venv\Lib\site-packages\django\template\defaulttags.py", line 321, in render
    return nodelist.render(context)
           ~~~~~~~~~~~~~~~^^^^^^^^^
  File "E:\Files\PycharmProjects\storage\.venv\Lib\site-packages\django\template\base.py", line 1005, in render
    return SafeString("".join([node.render_annotated(context) for node in self]))
                               ~~~~~~~~~~~~~~~~~~~~~^^^^^^^^^
  File "E:\Files\PycharmProjects\storage\.venv\Lib\site-packages\django\template\base.py", line 966, in render_annotated
    return self.render(context)
           ~~~~~~~~~~~^^^^^^^^^
  File "E:\Files\PycharmProjects\storage\.venv\Lib\site-packages\django\template\defaulttags.py", line 471, in render
    url = reverse(view_name, args=args, kwargs=kwargs, current_app=current_app)
  File "E:\Files\PycharmProjects\storage\.venv\Lib\site-packages\django\urls\base.py", line 82, in reverse
    raise NoReverseMatch("%s is not a registered namespace" % key)
django.urls.exceptions.NoReverseMatch: 'users' is not a registered namespace
"GET /index?ide_webview_request_time=1763894828540 HTTP/1.1" 500 155244
Not Found: /@vite/client
"GET /@vite/client HTTP/1.1" 404 2931
Internal Server Error: /index
Traceback (most recent call last):
  File "E:\Files\PycharmProjects\storage\.venv\Lib\site-packages\django\urls\base.py", line 71, in reverse
    extra, resolver = resolver.namespace_dict[ns]
                      ~~~~~~~~~~~~~~~~~~~~~~~^^^^
KeyError: 'users'

During handling of the above exception, another exception occurred:

Traceback (most recent call last):
  File "E:\Files\PycharmProjects\storage\.venv\Lib\site-packages\django\core\handlers\exception.py", line 55, in inner
    response = get_response(request)
  File "E:\Files\PycharmProjects\storage\.venv\Lib\site-packages\django\core\handlers\base.py", line 220, in _get_response
    response = response.render()
  File "E:\Files\PycharmProjects\storage\.venv\Lib\site-packages\django\template\response.py", line 114, in render
    self.content = self.rendered_content
                   ^^^^^^^^^^^^^^^^^^^^^
  File "E:\Files\PycharmProjects\storage\.venv\Lib\site-packages\django\template\response.py", line 92, in rendered_content
    return template.render(context, self._request)
           ~~~~~~~~~~~~~~~^^^^^^^^^^^^^^^^^^^^^^^^
  File "E:\Files\PycharmProjects\storage\.venv\Lib\site-packages\django\template\backends\django.py", line 61, in render
    return self.template.render(context)
           ~~~~~~~~~~~~~~~~~~~~^^^^^^^^^
  File "E:\Files\PycharmProjects\storage\.venv\Lib\site-packages\django\template\base.py", line 175, in render
    return self._render(context)
           ~~~~~~~~~~~~^^^^^^^^^
  File "E:\Files\PycharmProjects\storage\.venv\Lib\site-packages\django\template\base.py", line 167, in _render
    return self.nodelist.render(context)
           ~~~~~~~~~~~~~~~~~~~~^^^^^^^^^
  File "E:\Files\PycharmProjects\storage\.venv\Lib\site-packages\django\template\base.py", line 1005, in render
    return SafeString("".join([node.render_annotated(context) for node in self]))
                               ~~~~~~~~~~~~~~~~~~~~~^^^^^^^^^
  File "E:\Files\PycharmProjects\storage\.venv\Lib\site-packages\django\template\base.py", line 966, in render_annotated
    return self.render(context)
           ~~~~~~~~~~~^^^^^^^^^
  File "E:\Files\PycharmProjects\storage\.venv\Lib\site-packages\django\template\loader_tags.py", line 157, in render
    return compiled_parent._render(context)
           ~~~~~~~~~~~~~~~~~~~~~~~^^^^^^^^^
  File "E:\Files\PycharmProjects\storage\.venv\Lib\site-packages\django\template\base.py", line 167, in _render
    return self.nodelist.render(context)
           ~~~~~~~~~~~~~~~~~~~~^^^^^^^^^
  File "E:\Files\PycharmProjects\storage\.venv\Lib\site-packages\django\template\base.py", line 1005, in render
    return SafeString("".join([node.render_annotated(context) for node in self]))
                               ~~~~~~~~~~~~~~~~~~~~~^^^^^^^^^
  File "E:\Files\PycharmProjects\storage\.venv\Lib\site-packages\django\template\base.py", line 966, in render_annotated
    return self.render(context)
           ~~~~~~~~~~~^^^^^^^^^
  File "E:\Files\PycharmProjects\storage\.venv\Lib\site-packages\django\template\defaulttags.py", line 321, in render
    return nodelist.render(context)
           ~~~~~~~~~~~~~~~^^^^^^^^^
  File "E:\Files\PycharmProjects\storage\.venv\Lib\site-packages\django\template\base.py", line 1005, in render
    return SafeString("".join([node.render_annotated(context) for node in self]))
                               ~~~~~~~~~~~~~~~~~~~~~^^^^^^^^^
  File "E:\Files\PycharmProjects\storage\.venv\Lib\site-packages\django\template\base.py", line 966, in render_annotated
    return self.render(context)
           ~~~~~~~~~~~^^^^^^^^^
  File "E:\Files\PycharmProjects\storage\.venv\Lib\site-packages\django\template\defaulttags.py", line 471, in render
    url = reverse(view_name, args=args, kwargs=kwargs, current_app=current_app)
  File "E:\Files\PycharmProjects\storage\.venv\Lib\site-packages\django\urls\base.py", line 82, in reverse
    raise NoReverseMatch("%s is not a registered namespace" % key)
django.urls.exceptions.NoReverseMatch: 'users' is not a registered namespace
"GET /index?ide_webview_request_time=1763894947904 HTTP/1.1" 500 155223
Not Found: /@vite/client
"GET /@vite/client HTTP/1.1" 404 2931
Internal Server Error: /index
Traceback (most recent call last):
  File "E:\Files\PycharmProjects\storage\.venv\Lib\site-packages\django\urls\base.py", line 71, in reverse
    extra, resolver = resolver.namespace_dict[ns]
                      ~~~~~~~~~~~~~~~~~~~~~~~^^^^
KeyError: 'users'

During handling of the above exception, another exception occurred:

Traceback (most recent call last):
  File "E:\Files\PycharmProjects\storage\.venv\Lib\site-packages\django\core\handlers\exception.py", line 55, in inner
    response = get_response(request)
  File "E:\Files\PycharmProjects\storage\.venv\Lib\site-packages\django\core\handlers\base.py", line 220, in _get_response
    response = response.render()
  File "E:\Files\PycharmProjects\storage\.venv\Lib\site-packages\django\template\response.py", line 114, in render
    self.content = self.rendered_content
                   ^^^^^^^^^^^^^^^^^^^^^
  File "E:\Files\PycharmProjects\storage\.venv\Lib\site-packages\django\template\response.py", line 92, in rendered_content
    return template.render(context, self._request)
           ~~~~~~~~~~~~~~~^^^^^^^^^^^^^^^^^^^^^^^^
  File "E:\Files\PycharmProjects\storage\.venv\Lib\site-packages\django\template\backends\django.py", line 61, in render
    return self.template.render(context)
           ~~~~~~~~~~~~~~~~~~~~^^^^^^^^^
  File "E:\Files\PycharmProjects\storage\.venv\Lib\site-packages\django\template\base.py", line 175, in render
    return self._render(context)
           ~~~~~~~~~~~~^^^^^^^^^
  File "E:\Files\PycharmProjects\storage\.venv\Lib\site-packages\django\template\base.py", line 167, in _render
    return self.nodelist.render(context)
           ~~~~~~~~~~~~~~~~~~~~^^^^^^^^^
  File "E:\Files\PycharmProjects\storage\.venv\Lib\site-packages\django\template\base.py", line 1005, in render
    return SafeString("".join([node.render_annotated(context) for node in self]))
                               ~~~~~~~~~~~~~~~~~~~~~^^^^^^^^^
  File "E:\Files\PycharmProjects\storage\.venv\Lib\site-packages\django\template\base.py", line 966, in render_annotated
    return self.render(context)
           ~~~~~~~~~~~^^^^^^^^^
  File "E:\Files\PycharmProjects\storage\.venv\Lib\site-packages\django\template\loader_tags.py", line 157, in render
    return compiled_parent._render(context)
           ~~~~~~~~~~~~~~~~~~~~~~~^^^^^^^^^
  File "E:\Files\PycharmProjects\storage\.venv\Lib\site-packages\django\template\base.py", line 167, in _render
    return self.nodelist.render(context)
           ~~~~~~~~~~~~~~~~~~~~^^^^^^^^^
  File "E:\Files\PycharmProjects\storage\.venv\Lib\site-packages\django\template\base.py", line 1005, in render
    return SafeString("".join([node.render_annotated(context) for node in self]))
                               ~~~~~~~~~~~~~~~~~~~~~^^^^^^^^^
  File "E:\Files\PycharmProjects\storage\.venv\Lib\site-packages\django\template\base.py", line 966, in render_annotated
    return self.render(context)
           ~~~~~~~~~~~^^^^^^^^^
  File "E:\Files\PycharmProjects\storage\.venv\Lib\site-packages\django\template\defaulttags.py", line 321, in render
    return nodelist.render(context)
           ~~~~~~~~~~~~~~~^^^^^^^^^
  File "E:\Files\PycharmProjects\storage\.venv\Lib\site-packages\django\template\base.py", line 1005, in render
    return SafeString("".join([node.render_annotated(context) for node in self]))
                               ~~~~~~~~~~~~~~~~~~~~~^^^^^^^^^
  File "E:\Files\PycharmProjects\storage\.venv\Lib\site-packages\django\template\base.py", line 966, in render_annotated
    return self.render(context)
           ~~~~~~~~~~~^^^^^^^^^
  File "E:\Files\PycharmProjects\storage\.venv\Lib\site-packages\django\template\defaulttags.py", line 471, in render
    url = reverse(view_name, args=args, kwargs=kwargs, current_app=current_app)
  File "E:\Files\PycharmProjects\storage\.venv\Lib\site-packages\django\urls\base.py", line 82, in reverse
    raise NoReverseMatch("%s is not a registered namespace" % key)
django.urls.exceptions.NoReverseMatch: 'users' is not a registered namespace
"GET /index?ide_webview_request_time=1763894999762 HTTP/1.1" 500 155140
Not Found: /@vite/client
"GET /@vite/client HTTP/1.1" 404 2931
Watching for file changes with StatReloader
Internal Server Error: /index
Traceback (most recent call last):
  File "E:\Files\PycharmProjects\storage\.venv\Lib\site-packages\django\urls\base.py", line 71, in reverse
    extra, resolver = resolver.namespace_dict[ns]
                      ~~~~~~~~~~~~~~~~~~~~~~~^^^^
KeyError: 'users'

During handling of the above exception, another exception occurred:

Traceback (most recent call last):
  File "E:\Files\PycharmProjects\storage\.venv\Lib\site-packages\django\core\handlers\exception.py", line 55, in inner
    response = get_response(request)
  File "E:\Files\PycharmProjects\storage\.venv\Lib\site-packages\django\core\handlers\base.py", line 220, in _get_response
    response = response.render()
  File "E:\Files\PycharmProjects\storage\.venv\Lib\site-packages\django\template\response.py", line 114, in render
    self.content = self.rendered_content
                   ^^^^^^^^^^^^^^^^^^^^^
  File "E:\Files\PycharmProjects\storage\.venv\Lib\site-packages\django\template\response.py", line 92, in rendered_content
    return template.render(context, self._request)
           ~~~~~~~~~~~~~~~^^^^^^^^^^^^^^^^^^^^^^^^
  File "E:\Files\PycharmProjects\storage\.venv\Lib\site-packages\django\template\backends\django.py", line 61, in render
    return self.template.render(context)
           ~~~~~~~~~~~~~~~~~~~~^^^^^^^^^
  File "E:\Files\PycharmProjects\storage\.venv\Lib\site-packages\django\template\base.py", line 175, in render
    return self._render(context)
           ~~~~~~~~~~~~^^^^^^^^^
  File "E:\Files\PycharmProjects\storage\.venv\Lib\site-packages\django\template\base.py", line 167, in _render
    return self.nodelist.render(context)
           ~~~~~~~~~~~~~~~~~~~~^^^^^^^^^
  File "E:\Files\PycharmProjects\storage\.venv\Lib\site-packages\django\template\base.py", line 1005, in render
    return SafeString("".join([node.render_annotated(context) for node in self]))
                               ~~~~~~~~~~~~~~~~~~~~~^^^^^^^^^
  File "E:\Files\PycharmProjects\storage\.venv\Lib\site-packages\django\template\base.py", line 966, in render_annotated
    return self.render(context)
           ~~~~~~~~~~~^^^^^^^^^
  File "E:\Files\PycharmProjects\storage\.venv\Lib\site-packages\django\template\loader_tags.py", line 157, in render
    return compiled_parent._render(context)
           ~~~~~~~~~~~~~~~~~~~~~~~^^^^^^^^^
  File "E:\Files\PycharmProjects\storage\.venv\Lib\site-packages\django\template\base.py", line 167, in _render
    return self.nodelist.render(context)
           ~~~~~~~~~~~~~~~~~~~~^^^^^^^^^
  File "E:\Files\PycharmProjects\storage\.venv\Lib\site-packages\django\template\base.py", line 1005, in render
    return SafeString("".join([node.render_annotated(context) for node in self]))
                               ~~~~~~~~~~~~~~~~~~~~~^^^^^^^^^
  File "E:\Files\PycharmProjects\storage\.venv\Lib\site-packages\django\template\base.py", line 966, in render_annotated
    return self.render(context)
           ~~~~~~~~~~~^^^^^^^^^
  File "E:\Files\PycharmProjects\storage\.venv\Lib\site-packages\django\template\defaulttags.py", line 321, in render
    return nodelist.render(context)
           ~~~~~~~~~~~~~~~^^^^^^^^^
  File "E:\Files\PycharmProjects\storage\.venv\Lib\site-packages\django\template\base.py", line 1005, in render
    return SafeString("".join([node.render_annotated(context) for node in self]))
                               ~~~~~~~~~~~~~~~~~~~~~^^^^^^^^^
  File "E:\Files\PycharmProjects\storage\.venv\Lib\site-packages\django\template\base.py", line 966, in render_annotated
    return self.render(context)
           ~~~~~~~~~~~^^^^^^^^^
  File "E:\Files\PycharmProjects\storage\.venv\Lib\site-packages\django\template\defaulttags.py", line 471, in render
    url = reverse(view_name, args=args, kwargs=kwargs, current_app=current_app)
  File "E:\Files\PycharmProjects\storage\.venv\Lib\site-packages\django\urls\base.py", line 82, in reverse
    raise NoReverseMatch("%s is not a registered namespace" % key)
django.urls.exceptions.NoReverseMatch: 'users' is not a registered namespace
"GET /index?ide_webview_request_time=1763895044375 HTTP/1.1" 500 155140
Not Found: /@vite/client
"GET /@vite/client HTTP/1.1" 404 2931
"GET /index?ide_webview_request_time=1763895232998 HTTP/1.1" 200 7680
Not Found: /@vite/client
"GET /@vite/client HTTP/1.1" 404 2931
"GET /index?ide_webview_request_time=1763895260396 HTTP/1.1" 200 7680
Not Found: /@vite/client
"GET /@vite/client HTTP/1.1" 404 2931
"GET /index?ide_webview_request_time=1763895288547 HTTP/1.1" 200 7503
Not Found: /@vite/client
"GET /@vite/client HTTP/1.1" 404 2931
"GET /index HTTP/1.1" 200 7503
Watching for file changes with StatReloader
"GET /index HTTP/1.1" 200 5848
"GET / HTTP/1.1" 200 5848
"GET /admin/ HTTP/1.1" 302 0
"GET /admin/login/?next=/admin/ HTTP/1.1" 200 4195
"GET /static/admin/css/dark_mode.css HTTP/1.1" 200 2929
"GET /static/admin/css/responsive.css HTTP/1.1" 200 18559
"GET /static/admin/js/nav_sidebar.js HTTP/1.1" 200 3063
"GET /static/admin/css/base.css HTTP/1.1" 200 21310
"GET /static/admin/css/nav_sidebar.css HTTP/1.1" 200 2694
"GET /static/admin/js/theme.js HTTP/1.1" 200 1943
"GET /static/admin/css/login.css HTTP/1.1" 200 958
"GET / HTTP/1.1" 200 5848
"GET / HTTP/1.1" 200 5848
Internal Server Error: /
Traceback (most recent call last):
  File "E:\Files\PycharmProjects\storage\.venv\Lib\site-packages\django\core\handlers\exception.py", line 55, in inner
    response = get_response(request)
  File "E:\Files\PycharmProjects\storage\.venv\Lib\site-packages\django\core\handlers\base.py", line 220, in _get_response
    response = response.render()
  File "E:\Files\PycharmProjects\storage\.venv\Lib\site-packages\django\template\response.py", line 114, in render
    self.content = self.rendered_content
                   ^^^^^^^^^^^^^^^^^^^^^
  File "E:\Files\PycharmProjects\storage\.venv\Lib\site-packages\django\template\response.py", line 90, in rendered_content
    template = self.resolve_template(self.template_name)
  File "E:\Files\PycharmProjects\storage\.venv\Lib\site-packages\django\template\response.py", line 72, in resolve_template
    return select_template(template, using=self.using)
  File "E:\Files\PycharmProjects\storage\.venv\Lib\site-packages\django\template\loader.py", line 47, in select_template
    raise TemplateDoesNotExist(", ".join(template_name_list), chain=chain)
django.template.exceptions.TemplateDoesNotExist: index.html
"GET / HTTP/1.1" 500 91409
Internal Server Error: /
Traceback (most recent call last):
  File "E:\Files\PycharmProjects\storage\.venv\Lib\site-packages\django\core\handlers\exception.py", line 55, in inner
    response = get_response(request)
  File "E:\Files\PycharmProjects\storage\.venv\Lib\site-packages\django\core\handlers\base.py", line 220, in _get_response
    response = response.render()
  File "E:\Files\PycharmProjects\storage\.venv\Lib\site-packages\django\template\response.py", line 114, in render
    self.content = self.rendered_content
                   ^^^^^^^^^^^^^^^^^^^^^
  File "E:\Files\PycharmProjects\storage\.venv\Lib\site-packages\django\template\response.py", line 90, in rendered_content
    template = self.resolve_template(self.template_name)
  File "E:\Files\PycharmProjects\storage\.venv\Lib\site-packages\django\template\response.py", line 72, in resolve_template
    return select_template(template, using=self.using)
  File "E:\Files\PycharmProjects\storage\.venv\Lib\site-packages\django\template\loader.py", line 47, in select_template
    raise TemplateDoesNotExist(", ".join(template_name_list), chain=chain)
django.template.exceptions.TemplateDoesNotExist: index.html
"GET / HTTP/1.1" 500 91409
Internal Server Error: /
Traceback (most recent call last):
  File "E:\Files\PycharmProjects\storage\.venv\Lib\site-packages\django\core\handlers\exception.py", line 55, in inner
    response = get_response(request)
  File "E:\Files\PycharmProjects\storage\.venv\Lib\site-packages\django\core\handlers\base.py", line 220, in _get_response
    response = response.render()
  File "E:\Files\PycharmProjects\storage\.venv\Lib\site-packages\django\template\response.py", line 114, in render
    self.content = self.rendered_content
                   ^^^^^^^^^^^^^^^^^^^^^
  File "E:\Files\PycharmProjects\storage\.venv\Lib\site-packages\django\template\response.py", line 90, in rendered_content
    template = self.resolve_template(self.template_name)
  File "E:\Files\PycharmProjects\storage\.venv\Lib\site-packages\django\template\response.py", line 72, in resolve_template
    return select_template(template, using=self.using)
  File "E:\Files\PycharmProjects\storage\.venv\Lib\site-packages\django\template\loader.py", line 47, in select_template
    raise TemplateDoesNotExist(", ".join(template_name_list), chain=chain)
django.template.exceptions.TemplateDoesNotExist: index.html
"GET / HTTP/1.1" 500 91409
Internal Server Error: /
Traceback (most recent call last):
  File "E:\Files\PycharmProjects\storage\.venv\Lib\site-packages\django\core\handlers\exception.py", line 55, in inner
    response = get_response(request)
  File "E:\Files\PycharmProjects\storage\.venv\Lib\site-packages\django\core\handlers\base.py", line 220, in _get_response
    response = response.render()
  File "E:\Files\PycharmProjects\storage\.venv\Lib\site-packages\django\template\response.py", line 114, in render
    self.content = self.rendered_content
                   ^^^^^^^^^^^^^^^^^^^^^
  File "E:\Files\PycharmProjects\storage\.venv\Lib\site-packages\django\template\response.py", line 90, in rendered_content
    template = self.resolve_template(self.template_name)
  File "E:\Files\PycharmProjects\storage\.venv\Lib\site-packages\django\template\response.py", line 72, in resolve_template
    return select_template(template, using=self.using)
  File "E:\Files\PycharmProjects\storage\.venv\Lib\site-packages\django\template\loader.py", line 47, in select_template
    raise TemplateDoesNotExist(", ".join(template_name_list), chain=chain)
django.template.exceptions.TemplateDoesNotExist: index.html
"GET / HTTP/1.1" 500 91409
Internal Server Error: /
Traceback (most recent call last):
  File "E:\Files\PycharmProjects\storage\.venv\Lib\site-packages\django\core\handlers\exception.py", line 55, in inner
    response = get_response(request)
  File "E:\Files\PycharmProjects\storage\.venv\Lib\site-packages\django\core\handlers\base.py", line 220, in _get_response
    response = response.render()
  File "E:\Files\PycharmProjects\storage\.venv\Lib\site-packages\django\template\response.py", line 114, in render
    self.content = self.rendered_content
                   ^^^^^^^^^^^^^^^^^^^^^
  File "E:\Files\PycharmProjects\storage\.venv\Lib\site-packages\django\template\response.py", line 90, in rendered_content
    template = self.resolve_template(self.template_name)
  File "E:\Files\PycharmProjects\storage\.venv\Lib\site-packages\django\template\response.py", line 72, in resolve_template
    return select_template(template, using=self.using)
  File "E:\Files\PycharmProjects\storage\.venv\Lib\site-packages\django\template\loader.py", line 47, in select_template
    raise TemplateDoesNotExist(", ".join(template_name_list), chain=chain)
django.template.exceptions.TemplateDoesNotExist: index.html
"GET / HTTP/1.1" 500 91409
Internal Server Error: /
Traceback (most recent call last):
  File "E:\Files\PycharmProjects\storage\.venv\Lib\site-packages\django\core\handlers\exception.py", line 55, in inner
    response = get_response(request)
  File "E:\Files\PycharmProjects\storage\.venv\Lib\site-packages\django\core\handlers\base.py", line 220, in _get_response
    response = response.render()
  File "E:\Files\PycharmProjects\storage\.venv\Lib\site-packages\django\template\response.py", line 114, in render
    self.content = self.rendered_content
                   ^^^^^^^^^^^^^^^^^^^^^
  File "E:\Files\PycharmProjects\storage\.venv\Lib\site-packages\django\template\response.py", line 90, in rendered_content
    template = self.resolve_template(self.template_name)
  File "E:\Files\PycharmProjects\storage\.venv\Lib\site-packages\django\template\response.py", line 72, in resolve_template
    return select_template(template, using=self.using)
  File "E:\Files\PycharmProjects\storage\.venv\Lib\site-packages\django\template\loader.py", line 47, in select_template
    raise TemplateDoesNotExist(", ".join(template_name_list), chain=chain)
django.template.exceptions.TemplateDoesNotExist: index.html
"GET / HTTP/1.1" 500 91409
Internal Server Error: /
Traceback (most recent call last):
  File "E:\Files\PycharmProjects\storage\.venv\Lib\site-packages\django\core\handlers\exception.py", line 55, in inner
    response = get_response(request)
  File "E:\Files\PycharmProjects\storage\.venv\Lib\site-packages\django\core\handlers\base.py", line 220, in _get_response
    response = response.render()
  File "E:\Files\PycharmProjects\storage\.venv\Lib\site-packages\django\template\response.py", line 114, in render
    self.content = self.rendered_content
                   ^^^^^^^^^^^^^^^^^^^^^
  File "E:\Files\PycharmProjects\storage\.venv\Lib\site-packages\django\template\response.py", line 90, in rendered_content
    template = self.resolve_template(self.template_name)
  File "E:\Files\PycharmProjects\storage\.venv\Lib\site-packages\django\template\response.py", line 72, in resolve_template
    return select_template(template, using=self.using)
  File "E:\Files\PycharmProjects\storage\.venv\Lib\site-packages\django\template\loader.py", line 47, in select_template
    raise TemplateDoesNotExist(", ".join(template_name_list), chain=chain)
django.template.exceptions.TemplateDoesNotExist: index.html
"GET / HTTP/1.1" 500 91272
Internal Server Error: /index
Traceback (most recent call last):
  File "E:\Files\PycharmProjects\storage\.venv\Lib\site-packages\django\core\handlers\exception.py", line 55, in inner
    response = get_response(request)
  File "E:\Files\PycharmProjects\storage\.venv\Lib\site-packages\django\core\handlers\base.py", line 220, in _get_response
    response = response.render()
  File "E:\Files\PycharmProjects\storage\.venv\Lib\site-packages\django\template\response.py", line 114, in render
    self.content = self.rendered_content
                   ^^^^^^^^^^^^^^^^^^^^^
  File "E:\Files\PycharmProjects\storage\.venv\Lib\site-packages\django\template\response.py", line 90, in rendered_content
    template = self.resolve_template(self.template_name)
  File "E:\Files\PycharmProjects\storage\.venv\Lib\site-packages\django\template\response.py", line 72, in resolve_template
    return select_template(template, using=self.using)
  File "E:\Files\PycharmProjects\storage\.venv\Lib\site-packages\django\template\loader.py", line 47, in select_template
    raise TemplateDoesNotExist(", ".join(template_name_list), chain=chain)
django.template.exceptions.TemplateDoesNotExist: index.html
"GET /index HTTP/1.1" 500 91317
Internal Server Error: /
Traceback (most recent call last):
  File "E:\Files\PycharmProjects\storage\.venv\Lib\site-packages\django\core\handlers\exception.py", line 55, in inner
    response = get_response(request)
  File "E:\Files\PycharmProjects\storage\.venv\Lib\site-packages\django\core\handlers\base.py", line 220, in _get_response
    response = response.render()
  File "E:\Files\PycharmProjects\storage\.venv\Lib\site-packages\django\template\response.py", line 114, in render
    self.content = self.rendered_content
                   ^^^^^^^^^^^^^^^^^^^^^
  File "E:\Files\PycharmProjects\storage\.venv\Lib\site-packages\django\template\response.py", line 90, in rendered_content
    template = self.resolve_template(self.template_name)
  File "E:\Files\PycharmProjects\storage\.venv\Lib\site-packages\django\template\response.py", line 72, in resolve_template
    return select_template(template, using=self.using)
  File "E:\Files\PycharmProjects\storage\.venv\Lib\site-packages\django\template\loader.py", line 47, in select_template
    raise TemplateDoesNotExist(", ".join(template_name_list), chain=chain)
django.template.exceptions.TemplateDoesNotExist: index.html
"GET / HTTP/1.1" 500 91272
E:\Files\PycharmProjects\storage\config\urls.py changed, reloading.
Watching for file changes with StatReloader
"GET / HTTP/1.1" 200 5848
E:\Files\PycharmProjects\storage\items\views.py changed, reloading.
Watching for file changes with StatReloader
E:\Files\PycharmProjects\storage\items\urls.py changed, reloading.
Watching for file changes with StatReloader
E:\Files\PycharmProjects\storage\items\views.py changed, reloading.
Watching for file changes with StatReloader
E:\Files\PycharmProjects\storage\items\urls.py changed, reloading.
Watching for file changes with StatReloader
E:\Files\PycharmProjects\storage\items\forms.py changed, reloading.
Watching for file changes with StatReloader
E:\Files\PycharmProjects\storage\items\views.py changed, reloading.
Watching for file changes with StatReloader
E:\Files\PycharmProjects\storage\items\views.py changed, reloading.
Watching for file changes with StatReloader
E:\Files\PycharmProjects\storage\items\urls.py changed, reloading.
Watching for file changes with StatReloader
"GET / HTTP/1.1" 200 5867
Internal Server Error: /items/deposit/
Traceback (most recent call last):
  File "E:\Files\PycharmProjects\storage\.venv\Lib\site-packages\django\urls\base.py", line 71, in reverse
    extra, resolver = resolver.namespace_dict[ns]
                      ~~~~~~~~~~~~~~~~~~~~~~~^^^^
KeyError: 'users'

During handling of the above exception, another exception occurred:

Traceback (most recent call last):
  File "E:\Files\PycharmProjects\storage\.venv\Lib\site-packages\django\core\handlers\exception.py", line 55, in inner
    response = get_response(request)
  File "E:\Files\PycharmProjects\storage\.venv\Lib\site-packages\django\core\handlers\base.py", line 197, in _get_response
    response = wrapped_callback(request, *callback_args, **callback_kwargs)
  File "E:\Files\PycharmProjects\storage\.venv\Lib\site-packages\django\contrib\auth\decorators.py", line 25, in _wrapper_view
    resolved_login_url = resolve_url(login_url or settings.LOGIN_URL)
  File "E:\Files\PycharmProjects\storage\.venv\Lib\site-packages\django\shortcuts.py", line 145, in resolve_url
    return reverse(to, args=args, kwargs=kwargs)
  File "E:\Files\PycharmProjects\storage\.venv\Lib\site-packages\django\urls\base.py", line 82, in reverse
    raise NoReverseMatch("%s is not a registered namespace" % key)
django.urls.exceptions.NoReverseMatch: 'users' is not a registered namespace
"GET /items/deposit/ HTTP/1.1" 500 95448
E:\Files\PycharmProjects\storage\config\urls.py changed, reloading.
Watching for file changes with StatReloader
"GET / HTTP/1.1" 200 5867
Internal Server Error: /items/deposit/
Traceback (most recent call last):
  File "E:\Files\PycharmProjects\storage\.venv\Lib\site-packages\django\core\handlers\exception.py", line 55, in inner
    response = get_response(request)
  File "E:\Files\PycharmProjects\storage\.venv\Lib\site-packages\django\core\handlers\base.py", line 197, in _get_response
    response = wrapped_callback(request, *callback_args, **callback_kwargs)
  File "E:\Files\PycharmProjects\storage\.venv\Lib\site-packages\django\contrib\auth\decorators.py", line 25, in _wrapper_view
    resolved_login_url = resolve_url(login_url or settings.LOGIN_URL)
  File "E:\Files\PycharmProjects\storage\.venv\Lib\site-packages\django\shortcuts.py", line 145, in resolve_url
    return reverse(to, args=args, kwargs=kwargs)
  File "E:\Files\PycharmProjects\storage\.venv\Lib\site-packages\django\urls\base.py", line 88, in reverse
    return resolver._reverse_with_prefix(view, prefix, *args, **kwargs)
           ~~~~~~~~~~~~~~~~~~~~~~~~~~~~~^^^^^^^^^^^^^^^^^^^^^^^^^^^^^^^
  File "E:\Files\PycharmProjects\storage\.venv\Lib\site-packages\django\urls\resolvers.py", line 828, in _reverse_with_prefix
    raise NoReverseMatch(msg)
django.urls.exceptions.NoReverseMatch: Reverse for 'login' not found. 'login' is not a valid view function or pattern name.
"GET /items/deposit/ HTTP/1.1" 500 93989
E:\Files\PycharmProjects\storage\items\views.py changed, reloading.
Watching for file changes with StatReloader
E:\Files\PycharmProjects\storage\items\views.py changed, reloading.
Watching for file changes with StatReloader
E:\Files\PycharmProjects\storage\items\views.py changed, reloading.
Watching for file changes with StatReloader
E:\Files\PycharmProjects\storage\items\views.py changed, reloading.
Watching for file changes with StatReloader
E:\Files\PycharmProjects\storage\items\views.py changed, reloading.
Watching for file changes with StatReloader
E:\Files\PycharmProjects\storage\items\views.py changed, reloading.
Watching for file changes with StatReloader
E:\Files\PycharmProjects\storage\items\views.py changed, reloading.
Watching for file changes with StatReloader
E:\Files\PycharmProjects\storage\items\views.py changed, reloading.
Watching for file changes with StatReloader
"GET / HTTP/1.1" 200 5867
"GET /items/deposit/ HTTP/1.1" 200 5867
"GET /items/deposit/ HTTP/1.1" 200 5867
"GET /items/deposit/ HTTP/1.1" 200 5867
"GET /items/deposit/ HTTP/1.1" 200 5867
"GET /items/deposit/ HTTP/1.1" 200 5867
E:\Files\PycharmProjects\storage\items\views.py changed, reloading.
Watching for file changes with StatReloader
Watching for file changes with StatReloader
E:\Files\PycharmProjects\storage\items\views.py changed, reloading.
Watching for file changes with StatReloader
"GET /index HTTP/1.1" 200 5867
Watching for file changes with StatReloader
"GET / HTTP/1.1" 200 5867
"GET /index HTTP/1.1" 200 5867
"GET /index HTTP/1.1" 200 5867
Internal Server Error: /items/deposit/
Traceback (most recent call last):
  File "E:\Files\PycharmProjects\storage\.venv\Lib\site-packages\django\core\handlers\exception.py", line 55, in inner
    response = get_response(request)
  File "E:\Files\PycharmProjects\storage\.venv\Lib\site-packages\django\core\handlers\base.py", line 197, in _get_response
    response = wrapped_callback(request, *callback_args, **callback_kwargs)
  File "E:\Files\PycharmProjects\storage\.venv\Lib\site-packages\django\contrib\auth\decorators.py", line 25, in _wrapper_view
    resolved_login_url = resolve_url(login_url or settings.LOGIN_URL)
  File "E:\Files\PycharmProjects\storage\.venv\Lib\site-packages\django\shortcuts.py", line 145, in resolve_url
    return reverse(to, args=args, kwargs=kwargs)
  File "E:\Files\PycharmProjects\storage\.venv\Lib\site-packages\django\urls\base.py", line 88, in reverse
    return resolver._reverse_with_prefix(view, prefix, *args, **kwargs)
           ~~~~~~~~~~~~~~~~~~~~~~~~~~~~~^^^^^^^^^^^^^^^^^^^^^^^^^^^^^^^
  File "E:\Files\PycharmProjects\storage\.venv\Lib\site-packages\django\urls\resolvers.py", line 828, in _reverse_with_prefix
    raise NoReverseMatch(msg)
django.urls.exceptions.NoReverseMatch: Reverse for 'login' not found. 'login' is not a valid view function or pattern name.
"GET /items/deposit/ HTTP/1.1" 500 92706
E:\Files\PycharmProjects\storage\items\views.py changed, reloading.
E:\Files\PycharmProjects\storage\items\views.py changed, reloading.
Watching for file changes with StatReloader
Watching for file changes with StatReloader
E:\Files\PycharmProjects\storage\items\views.py changed, reloading.
E:\Files\PycharmProjects\storage\items\views.py changed, reloading.
Watching for file changes with StatReloader
Watching for file changes with StatReloader
E:\Files\PycharmProjects\storage\items\views.py changed, reloading.
E:\Files\PycharmProjects\storage\items\views.py changed, reloading.
Watching for file changes with StatReloader
Watching for file changes with StatReloader
E:\Files\PycharmProjects\storage\items\views.py changed, reloading.
E:\Files\PycharmProjects\storage\items\views.py changed, reloading.
Watching for file changes with StatReloader
Watching for file changes with StatReloader
E:\Files\PycharmProjects\storage\items\views.py changed, reloading.
E:\Files\PycharmProjects\storage\items\views.py changed, reloading.
Watching for file changes with StatReloader
Watching for file changes with StatReloader
E:\Files\PycharmProjects\storage\items\views.py changed, reloading.
E:\Files\PycharmProjects\storage\items\views.py changed, reloading.
Watching for file changes with StatReloader
Watching for file changes with StatReloader
E:\Files\PycharmProjects\storage\items\views.py changed, reloading.
E:\Files\PycharmProjects\storage\items\views.py changed, reloading.
Watching for file changes with StatReloader
Watching for file changes with StatReloader
E:\Files\PycharmProjects\storage\items\views.py changed, reloading.
E:\Files\PycharmProjects\storage\items\views.py changed, reloading.
Watching for file changes with StatReloader
Watching for file changes with StatReloader
"GET /index HTTP/1.1" 200 5867
Internal Server Error: /items/deposit/
Traceback (most recent call last):
  File "E:\Files\PycharmProjects\storage\.venv\Lib\site-packages\django\core\handlers\exception.py", line 55, in inner
    response = get_response(request)
  File "E:\Files\PycharmProjects\storage\.venv\Lib\site-packages\django\core\handlers\base.py", line 197, in _get_response
    response = wrapped_callback(request, *callback_args, **callback_kwargs)
  File "E:\Files\PycharmProjects\storage\.venv\Lib\site-packages\django\contrib\auth\decorators.py", line 25, in _wrapper_view
    resolved_login_url = resolve_url(login_url or settings.LOGIN_URL)
  File "E:\Files\PycharmProjects\storage\.venv\Lib\site-packages\django\shortcuts.py", line 145, in resolve_url
    return reverse(to, args=args, kwargs=kwargs)
  File "E:\Files\PycharmProjects\storage\.venv\Lib\site-packages\django\urls\base.py", line 88, in reverse
    return resolver._reverse_with_prefix(view, prefix, *args, **kwargs)
           ~~~~~~~~~~~~~~~~~~~~~~~~~~~~~^^^^^^^^^^^^^^^^^^^^^^^^^^^^^^^
  File "E:\Files\PycharmProjects\storage\.venv\Lib\site-packages\django\urls\resolvers.py", line 828, in _reverse_with_prefix
    raise NoReverseMatch(msg)
django.urls.exceptions.NoReverseMatch: Reverse for 'login' not found. 'login' is not a valid view function or pattern name.
"GET /items/deposit/ HTTP/1.1" 500 93995
E:\Files\PycharmProjects\storage\config\urls.py changed, reloading.
Watching for file changes with StatReloader
E:\Files\PycharmProjects\storage\config\settings\dev.py changed, reloading.
Watching for file changes with StatReloader
E:\Files\PycharmProjects\storage\config\settings\dev.py changed, reloading.
Watching for file changes with StatReloader
Watching for file changes with StatReloader
"GET /index HTTP/1.1" 200 5867
"GET /items/deposit/ HTTP/1.1" 302 0
"GET /accounts/login/?next=/items/deposit/ HTTP/1.1" 200 2089
"GET /?ide_webview_request_time=1763903063759 HTTP/1.1" 200 5867
Not Found: /@vite/client
"GET /@vite/client HTTP/1.1" 404 3146
"GET /index HTTP/1.1" 200 5867
"GET /items/deposit/ HTTP/1.1" 302 0
"GET /accounts/login/?next=/items/deposit/ HTTP/1.1" 200 2089
"GET /accounts/login/?next=/items/deposit/ HTTP/1.1" 200 2089
"GET /items/deposit/ HTTP/1.1" 302 0
"GET /accounts/login/?next=/items/deposit/ HTTP/1.1" 200 2089
"GET /accounts/login/?next=/items/deposit/ HTTP/1.1" 200 2089
"GET /items/deposit/ HTTP/1.1" 302 0
"GET /accounts/login/?next=/items/deposit/ HTTP/1.1" 200 2089
"GET /index HTTP/1.1" 200 5867
"GET /items/deposit/ HTTP/1.1" 302 0
"GET /accounts/login/?next=/items/deposit/ HTTP/1.1" 200 2089
"GET /accounts/login/?ide_webview_request_time=1763905407648 HTTP/1.1" 200 1927
Not Found: /@vite/client
"GET /@vite/client HTTP/1.1" 404 3146
"GET /accounts/login/?next=/items/deposit/ HTTP/1.1" 200 2089
"GET /items/deposit/ HTTP/1.1" 302 0
"GET /accounts/login/?next=/items/deposit/ HTTP/1.1" 200 2089
"GET /accounts/login/?ide_webview_request_time=1763905407648 HTTP/1.1" 200 1927
"GET /accounts/login/?ide_webview_request_time=1763905407648 HTTP/1.1" 200 1927
Not Found: /@vite/client
"GET /@vite/client HTTP/1.1" 404 3146
"GET /accounts/login/?ide_webview_request_time=1763906044955 HTTP/1.1" 200 1927
Not Found: /@vite/client
"GET /@vite/client HTTP/1.1" 404 3146
"GET /accounts/login/?next=/items/deposit/ HTTP/1.1" 200 2089
"GET /accounts/login/?next=/items/deposit/ HTTP/1.1" 200 2089
"GET /items/deposit/ HTTP/1.1" 302 0
"GET /accounts/login/?next=/items/deposit/ HTTP/1.1" 200 2089
"GET /items/deposit/ HTTP/1.1" 302 0
"GET /accounts/login/?next=/items/deposit/ HTTP/1.1" 200 2089
"GET /items/deposit/ HTTP/1.1" 302 0
"GET /accounts/login/?next=/items/deposit/ HTTP/1.1" 200 2089
"GET /items/deposit/ HTTP/1.1" 302 0
"GET /accounts/login/?next=/items/deposit/ HTTP/1.1" 200 2089
"GET /accounts/login/?next=/items/deposit/ HTTP/1.1" 200 2089
"GET /accounts/login/?next=/items/deposit/ HTTP/1.1" 200 2089
"GET /accounts/login/?next=/items/deposit/ HTTP/1.1" 200 2089
"GET /accounts/login/?next=/items/deposit/ HTTP/1.1" 200 2089
"GET /accounts/login/?next=/items/deposit/ HTTP/1.1" 200 2089
"GET /items/deposit/ HTTP/1.1" 302 0
"GET /accounts/login/?next=/items/deposit/ HTTP/1.1" 200 2089
"GET /accounts/login/?next=/items/deposit/ HTTP/1.1" 200 2089
"GET /accounts/login/?next=/items/deposit/ HTTP/1.1" 200 2089
E:\Files\PycharmProjects\storage\config\settings\dev.py changed, reloading.
Watching for file changes with StatReloader
E:\Files\PycharmProjects\storage\config\settings\dev.py changed, reloading.
Watching for file changes with StatReloader
E:\Files\PycharmProjects\storage\config\settings\dev.py changed, reloading.
Watching for file changes with StatReloader
"GET /items/deposit/ HTTP/1.1" 302 0
"GET /accounts/login/?next=/items/deposit/ HTTP/1.1" 200 2089
Watching for file changes with StatReloader
"GET /items/deposit/ HTTP/1.1" 302 0
"GET /accounts/login/?next=/items/deposit/ HTTP/1.1" 200 2089
"GET /items/deposit/ HTTP/1.1" 302 0
"GET /accounts/login/?next=/items/deposit/ HTTP/1.1" 200 2089
Internal Server Error: /users/login/
Traceback (most recent call last):
  File "E:\Files\PycharmProjects\storage\.venv\Lib\site-packages\django\core\handlers\exception.py", line 55, in inner
    response = get_response(request)
  File "E:\Files\PycharmProjects\storage\.venv\Lib\site-packages\django\core\handlers\base.py", line 197, in _get_response
    response = wrapped_callback(request, *callback_args, **callback_kwargs)
  File "E:\Files\PycharmProjects\storage\users\views.py", line 21, in user_login
    return render(request, 'users/login.html')
  File "E:\Files\PycharmProjects\storage\.venv\Lib\site-packages\django\shortcuts.py", line 24, in render
    content = loader.render_to_string(template_name, context, request, using=using)
  File "E:\Files\PycharmProjects\storage\.venv\Lib\site-packages\django\template\loader.py", line 62, in render_to_string
    return template.render(context, request)
           ~~~~~~~~~~~~~~~^^^^^^^^^^^^^^^^^^
  File "E:\Files\PycharmProjects\storage\.venv\Lib\site-packages\django\template\backends\django.py", line 61, in render
    return self.template.render(context)
           ~~~~~~~~~~~~~~~~~~~~^^^^^^^^^
  File "E:\Files\PycharmProjects\storage\.venv\Lib\site-packages\django\template\base.py", line 175, in render
    return self._render(context)
           ~~~~~~~~~~~~^^^^^^^^^
  File "E:\Files\PycharmProjects\storage\.venv\Lib\site-packages\django\template\base.py", line 167, in _render
    return self.nodelist.render(context)
           ~~~~~~~~~~~~~~~~~~~~^^^^^^^^^
  File "E:\Files\PycharmProjects\storage\.venv\Lib\site-packages\django\template\base.py", line 1005, in render
    return SafeString("".join([node.render_annotated(context) for node in self]))
                               ~~~~~~~~~~~~~~~~~~~~~^^^^^^^^^
  File "E:\Files\PycharmProjects\storage\.venv\Lib\site-packages\django\template\base.py", line 966, in render_annotated
    return self.render(context)
           ~~~~~~~~~~~^^^^^^^^^
  File "E:\Files\PycharmProjects\storage\.venv\Lib\site-packages\django\template\loader_tags.py", line 157, in render
    return compiled_parent._render(context)
           ~~~~~~~~~~~~~~~~~~~~~~~^^^^^^^^^
  File "E:\Files\PycharmProjects\storage\.venv\Lib\site-packages\django\template\base.py", line 167, in _render
    return self.nodelist.render(context)
           ~~~~~~~~~~~~~~~~~~~~^^^^^^^^^
  File "E:\Files\PycharmProjects\storage\.venv\Lib\site-packages\django\template\base.py", line 1005, in render
    return SafeString("".join([node.render_annotated(context) for node in self]))
                               ~~~~~~~~~~~~~~~~~~~~~^^^^^^^^^
  File "E:\Files\PycharmProjects\storage\.venv\Lib\site-packages\django\template\base.py", line 966, in render_annotated
    return self.render(context)
           ~~~~~~~~~~~^^^^^^^^^
  File "E:\Files\PycharmProjects\storage\.venv\Lib\site-packages\django\template\loader_tags.py", line 63, in render
    result = block.nodelist.render(context)
  File "E:\Files\PycharmProjects\storage\.venv\Lib\site-packages\django\template\base.py", line 1005, in render
    return SafeString("".join([node.render_annotated(context) for node in self]))
                               ~~~~~~~~~~~~~~~~~~~~~^^^^^^^^^
  File "E:\Files\PycharmProjects\storage\.venv\Lib\site-packages\django\template\base.py", line 966, in render_annotated
    return self.render(context)
           ~~~~~~~~~~~^^^^^^^^^
  File "E:\Files\PycharmProjects\storage\.venv\Lib\site-packages\django\template\defaulttags.py", line 471, in render
    url = reverse(view_name, args=args, kwargs=kwargs, current_app=current_app)
  File "E:\Files\PycharmProjects\storage\.venv\Lib\site-packages\django\urls\base.py", line 88, in reverse
    return resolver._reverse_with_prefix(view, prefix, *args, **kwargs)
           ~~~~~~~~~~~~~~~~~~~~~~~~~~~~~^^^^^^^^^^^^^^^^^^^^^^^^^^^^^^^
  File "E:\Files\PycharmProjects\storage\.venv\Lib\site-packages\django\urls\resolvers.py", line 828, in _reverse_with_prefix
    raise NoReverseMatch(msg)
django.urls.exceptions.NoReverseMatch: Reverse for 'login' not found. 'login' is not a valid view function or pattern name.
"GET /users/login/?ide_webview_request_time=1763907578499 HTTP/1.1" 500 161030
Not Found: /@vite/client
"GET /@vite/client HTTP/1.1" 404 3146
"GET /items/deposit/ HTTP/1.1" 302 0
"GET /accounts/login/?next=/items/deposit/ HTTP/1.1" 200 2089
"GET /items/deposit/ HTTP/1.1" 302 0
"GET /accounts/login/?next=/items/deposit/ HTTP/1.1" 200 2089
"GET /accounts/login/?next=/items/deposit/ HTTP/1.1" 200 2089
"GET /items/deposit/ HTTP/1.1" 302 0
"GET /accounts/login/?next=/items/deposit/ HTTP/1.1" 200 2089
E:\Files\PycharmProjects\storage\config\settings\dev.py changed, reloading.
Watching for file changes with StatReloader
Watching for file changes with StatReloader
Internal Server Error: /users/login/
Traceback (most recent call last):
  File "E:\Files\PycharmProjects\storage\.venv\Lib\site-packages\django\core\handlers\exception.py", line 55, in inner
    response = get_response(request)
  File "E:\Files\PycharmProjects\storage\.venv\Lib\site-packages\django\core\handlers\base.py", line 197, in _get_response
    response = wrapped_callback(request, *callback_args, **callback_kwargs)
  File "E:\Files\PycharmProjects\storage\users\views.py", line 21, in user_login
    return render(request, 'users/login.html')
  File "E:\Files\PycharmProjects\storage\.venv\Lib\site-packages\django\shortcuts.py", line 24, in render
    content = loader.render_to_string(template_name, context, request, using=using)
  File "E:\Files\PycharmProjects\storage\.venv\Lib\site-packages\django\template\loader.py", line 62, in render_to_string
    return template.render(context, request)
           ~~~~~~~~~~~~~~~^^^^^^^^^^^^^^^^^^
  File "E:\Files\PycharmProjects\storage\.venv\Lib\site-packages\django\template\backends\django.py", line 61, in render
    return self.template.render(context)
           ~~~~~~~~~~~~~~~~~~~~^^^^^^^^^
  File "E:\Files\PycharmProjects\storage\.venv\Lib\site-packages\django\template\base.py", line 175, in render
    return self._render(context)
           ~~~~~~~~~~~~^^^^^^^^^
  File "E:\Files\PycharmProjects\storage\.venv\Lib\site-packages\django\template\base.py", line 167, in _render
    return self.nodelist.render(context)
           ~~~~~~~~~~~~~~~~~~~~^^^^^^^^^
  File "E:\Files\PycharmProjects\storage\.venv\Lib\site-packages\django\template\base.py", line 1005, in render
    return SafeString("".join([node.render_annotated(context) for node in self]))
                               ~~~~~~~~~~~~~~~~~~~~~^^^^^^^^^
  File "E:\Files\PycharmProjects\storage\.venv\Lib\site-packages\django\template\base.py", line 966, in render_annotated
    return self.render(context)
           ~~~~~~~~~~~^^^^^^^^^
  File "E:\Files\PycharmProjects\storage\.venv\Lib\site-packages\django\template\loader_tags.py", line 157, in render
    return compiled_parent._render(context)
           ~~~~~~~~~~~~~~~~~~~~~~~^^^^^^^^^
  File "E:\Files\PycharmProjects\storage\.venv\Lib\site-packages\django\template\base.py", line 167, in _render
    return self.nodelist.render(context)
           ~~~~~~~~~~~~~~~~~~~~^^^^^^^^^
  File "E:\Files\PycharmProjects\storage\.venv\Lib\site-packages\django\template\base.py", line 1005, in render
    return SafeString("".join([node.render_annotated(context) for node in self]))
                               ~~~~~~~~~~~~~~~~~~~~~^^^^^^^^^
  File "E:\Files\PycharmProjects\storage\.venv\Lib\site-packages\django\template\base.py", line 966, in render_annotated
    return self.render(context)
           ~~~~~~~~~~~^^^^^^^^^
  File "E:\Files\PycharmProjects\storage\.venv\Lib\site-packages\django\template\loader_tags.py", line 63, in render
    result = block.nodelist.render(context)
  File "E:\Files\PycharmProjects\storage\.venv\Lib\site-packages\django\template\base.py", line 1005, in render
    return SafeString("".join([node.render_annotated(context) for node in self]))
                               ~~~~~~~~~~~~~~~~~~~~~^^^^^^^^^
  File "E:\Files\PycharmProjects\storage\.venv\Lib\site-packages\django\template\base.py", line 966, in render_annotated
    return self.render(context)
           ~~~~~~~~~~~^^^^^^^^^
  File "E:\Files\PycharmProjects\storage\.venv\Lib\site-packages\django\template\defaulttags.py", line 471, in render
    url = reverse(view_name, args=args, kwargs=kwargs, current_app=current_app)
  File "E:\Files\PycharmProjects\storage\.venv\Lib\site-packages\django\urls\base.py", line 88, in reverse
    return resolver._reverse_with_prefix(view, prefix, *args, **kwargs)
           ~~~~~~~~~~~~~~~~~~~~~~~~~~~~~^^^^^^^^^^^^^^^^^^^^^^^^^^^^^^^
  File "E:\Files\PycharmProjects\storage\.venv\Lib\site-packages\django\urls\resolvers.py", line 828, in _reverse_with_prefix
    raise NoReverseMatch(msg)
django.urls.exceptions.NoReverseMatch: Reverse for 'login' not found. 'login' is not a valid view function or pattern name.
"GET /users/login/?ide_webview_request_time=1763907826848 HTTP/1.1" 500 160937
Not Found: /@vite/client
"GET /@vite/client HTTP/1.1" 404 3146
"GET / HTTP/1.1" 200 5867
"GET /items/deposit/ HTTP/1.1" 302 0
"GET /accounts/login/?next=/items/deposit/ HTTP/1.1" 200 2089
"GET /accounts/login/ HTTP/1.1" 200 1927
"GET /accounts/login/ HTTP/1.1" 200 1927
"GET / HTTP/1.1" 200 5867
"GET /items/deposit/ HTTP/1.1" 302 0
"GET /accounts/login/?next=/items/deposit/ HTTP/1.1" 200 2089
"GET /accounts/login/ HTTP/1.1" 200 1927
"GET /accounts/login HTTP/1.1" 301 0
"GET /accounts/login/ HTTP/1.1" 200 1927
"GET /accounts/login/ HTTP/1.1" 200 1927
"GET /accounts/login/ HTTP/1.1" 200 1927
"GET /accounts/login/ HTTP/1.1" 200 1927
"GET / HTTP/1.1" 200 5867
"GET /items/deposit/ HTTP/1.1" 302 0
"GET /accounts/login/?next=/items/deposit/ HTTP/1.1" 200 2089
"GET /accounts/login/?next=/items/deposit/ HTTP/1.1" 200 2089
"GET /accounts/login/?next=/items/deposit/ HTTP/1.1" 200 2089
"GET /accounts/login/?next=/items/deposit/ HTTP/1.1" 200 2089
"GET /accounts/login/?next=/items/deposit/ HTTP/1.1" 200 2089
"GET /accounts/login/?next=/items/deposit/ HTTP/1.1" 200 2089
"GET /accounts/login/?next=/items/deposit/ HTTP/1.1" 200 2089
"GET /accounts/login/?next=/items/deposit/ HTTP/1.1" 200 2089
"GET /items/deposit/ HTTP/1.1" 302 0
"GET /accounts/login/?next=/items/deposit/ HTTP/1.1" 200 2089
"GET / HTTP/1.1" 200 5867
Not Found: /favicon.ico
"GET /favicon.ico HTTP/1.1" 404 3143
"GET /items/deposit/ HTTP/1.1" 302 0
"GET /accounts/login/?next=/items/deposit/ HTTP/1.1" 200 2089
Not Found: /user/login
"GET /user/login HTTP/1.1" 404 3140
Not Found: /user/login
"GET /user/login HTTP/1.1" 404 3140
E:\Files\PycharmProjects\storage\users\views.py changed, reloading.
Watching for file changes with StatReloader
Internal Server Error: /users/login/
Traceback (most recent call last):
  File "E:\Files\PycharmProjects\storage\.venv\Lib\site-packages\django\core\handlers\exception.py", line 55, in inner
    response = get_response(request)
  File "E:\Files\PycharmProjects\storage\.venv\Lib\site-packages\django\core\handlers\base.py", line 197, in _get_response
    response = wrapped_callback(request, *callback_args, **callback_kwargs)
  File "E:\Files\PycharmProjects\storage\users\views.py", line 42, in user_login
    return render(request, 'users/login.html', {'form': form})
  File "E:\Files\PycharmProjects\storage\.venv\Lib\site-packages\django\shortcuts.py", line 24, in render
    content = loader.render_to_string(template_name, context, request, using=using)
  File "E:\Files\PycharmProjects\storage\.venv\Lib\site-packages\django\template\loader.py", line 62, in render_to_string
    return template.render(context, request)
           ~~~~~~~~~~~~~~~^^^^^^^^^^^^^^^^^^
  File "E:\Files\PycharmProjects\storage\.venv\Lib\site-packages\django\template\backends\django.py", line 61, in render
    return self.template.render(context)
           ~~~~~~~~~~~~~~~~~~~~^^^^^^^^^
  File "E:\Files\PycharmProjects\storage\.venv\Lib\site-packages\django\template\base.py", line 175, in render
    return self._render(context)
           ~~~~~~~~~~~~^^^^^^^^^
  File "E:\Files\PycharmProjects\storage\.venv\Lib\site-packages\django\template\base.py", line 167, in _render
    return self.nodelist.render(context)
           ~~~~~~~~~~~~~~~~~~~~^^^^^^^^^
  File "E:\Files\PycharmProjects\storage\.venv\Lib\site-packages\django\template\base.py", line 1005, in render
    return SafeString("".join([node.render_annotated(context) for node in self]))
                               ~~~~~~~~~~~~~~~~~~~~~^^^^^^^^^
  File "E:\Files\PycharmProjects\storage\.venv\Lib\site-packages\django\template\base.py", line 966, in render_annotated
    return self.render(context)
           ~~~~~~~~~~~^^^^^^^^^
  File "E:\Files\PycharmProjects\storage\.venv\Lib\site-packages\django\template\loader_tags.py", line 157, in render
    return compiled_parent._render(context)
           ~~~~~~~~~~~~~~~~~~~~~~~^^^^^^^^^
  File "E:\Files\PycharmProjects\storage\.venv\Lib\site-packages\django\template\base.py", line 167, in _render
    return self.nodelist.render(context)
           ~~~~~~~~~~~~~~~~~~~~^^^^^^^^^
  File "E:\Files\PycharmProjects\storage\.venv\Lib\site-packages\django\template\base.py", line 1005, in render
    return SafeString("".join([node.render_annotated(context) for node in self]))
                               ~~~~~~~~~~~~~~~~~~~~~^^^^^^^^^
  File "E:\Files\PycharmProjects\storage\.venv\Lib\site-packages\django\template\base.py", line 966, in render_annotated
    return self.render(context)
           ~~~~~~~~~~~^^^^^^^^^
  File "E:\Files\PycharmProjects\storage\.venv\Lib\site-packages\django\template\loader_tags.py", line 63, in render
    result = block.nodelist.render(context)
  File "E:\Files\PycharmProjects\storage\.venv\Lib\site-packages\django\template\base.py", line 1005, in render
    return SafeString("".join([node.render_annotated(context) for node in self]))
                               ~~~~~~~~~~~~~~~~~~~~~^^^^^^^^^
  File "E:\Files\PycharmProjects\storage\.venv\Lib\site-packages\django\template\base.py", line 966, in render_annotated
    return self.render(context)
           ~~~~~~~~~~~^^^^^^^^^
  File "E:\Files\PycharmProjects\storage\.venv\Lib\site-packages\django\template\defaulttags.py", line 471, in render
    url = reverse(view_name, args=args, kwargs=kwargs, current_app=current_app)
  File "E:\Files\PycharmProjects\storage\.venv\Lib\site-packages\django\urls\base.py", line 88, in reverse
    return resolver._reverse_with_prefix(view, prefix, *args, **kwargs)
           ~~~~~~~~~~~~~~~~~~~~~~~~~~~~~^^^^^^^^^^^^^^^^^^^^^^^^^^^^^^^
  File "E:\Files\PycharmProjects\storage\.venv\Lib\site-packages\django\urls\resolvers.py", line 828, in _reverse_with_prefix
    raise NoReverseMatch(msg)
django.urls.exceptions.NoReverseMatch: Reverse for 'login' not found. 'login' is not a valid view function or pattern name.
"GET /users/login/?ide_webview_request_time=1763908920926 HTTP/1.1" 500 164042
Not Found: /@vite/client
"GET /@vite/client HTTP/1.1" 404 3146
Internal Server Error: /users/login/
Traceback (most recent call last):
  File "E:\Files\PycharmProjects\storage\.venv\Lib\site-packages\django\core\handlers\exception.py", line 55, in inner
    response = get_response(request)
  File "E:\Files\PycharmProjects\storage\.venv\Lib\site-packages\django\core\handlers\base.py", line 197, in _get_response
    response = wrapped_callback(request, *callback_args, **callback_kwargs)
  File "E:\Files\PycharmProjects\storage\users\views.py", line 42, in user_login
    return render(request, 'users/login.html', {'form': form})
  File "E:\Files\PycharmProjects\storage\.venv\Lib\site-packages\django\shortcuts.py", line 24, in render
    content = loader.render_to_string(template_name, context, request, using=using)
  File "E:\Files\PycharmProjects\storage\.venv\Lib\site-packages\django\template\loader.py", line 62, in render_to_string
    return template.render(context, request)
           ~~~~~~~~~~~~~~~^^^^^^^^^^^^^^^^^^
  File "E:\Files\PycharmProjects\storage\.venv\Lib\site-packages\django\template\backends\django.py", line 61, in render
    return self.template.render(context)
           ~~~~~~~~~~~~~~~~~~~~^^^^^^^^^
  File "E:\Files\PycharmProjects\storage\.venv\Lib\site-packages\django\template\base.py", line 175, in render
    return self._render(context)
           ~~~~~~~~~~~~^^^^^^^^^
  File "E:\Files\PycharmProjects\storage\.venv\Lib\site-packages\django\template\base.py", line 167, in _render
    return self.nodelist.render(context)
           ~~~~~~~~~~~~~~~~~~~~^^^^^^^^^
  File "E:\Files\PycharmProjects\storage\.venv\Lib\site-packages\django\template\base.py", line 1005, in render
    return SafeString("".join([node.render_annotated(context) for node in self]))
                               ~~~~~~~~~~~~~~~~~~~~~^^^^^^^^^
  File "E:\Files\PycharmProjects\storage\.venv\Lib\site-packages\django\template\base.py", line 966, in render_annotated
    return self.render(context)
           ~~~~~~~~~~~^^^^^^^^^
  File "E:\Files\PycharmProjects\storage\.venv\Lib\site-packages\django\template\loader_tags.py", line 157, in render
    return compiled_parent._render(context)
           ~~~~~~~~~~~~~~~~~~~~~~~^^^^^^^^^
  File "E:\Files\PycharmProjects\storage\.venv\Lib\site-packages\django\template\base.py", line 167, in _render
    return self.nodelist.render(context)
           ~~~~~~~~~~~~~~~~~~~~^^^^^^^^^
  File "E:\Files\PycharmProjects\storage\.venv\Lib\site-packages\django\template\base.py", line 1005, in render
    return SafeString("".join([node.render_annotated(context) for node in self]))
                               ~~~~~~~~~~~~~~~~~~~~~^^^^^^^^^
  File "E:\Files\PycharmProjects\storage\.venv\Lib\site-packages\django\template\base.py", line 966, in render_annotated
    return self.render(context)
           ~~~~~~~~~~~^^^^^^^^^
  File "E:\Files\PycharmProjects\storage\.venv\Lib\site-packages\django\template\loader_tags.py", line 63, in render
    result = block.nodelist.render(context)
  File "E:\Files\PycharmProjects\storage\.venv\Lib\site-packages\django\template\base.py", line 1005, in render
    return SafeString("".join([node.render_annotated(context) for node in self]))
                               ~~~~~~~~~~~~~~~~~~~~~^^^^^^^^^
  File "E:\Files\PycharmProjects\storage\.venv\Lib\site-packages\django\template\base.py", line 966, in render_annotated
    return self.render(context)
           ~~~~~~~~~~~^^^^^^^^^
  File "E:\Files\PycharmProjects\storage\.venv\Lib\site-packages\django\template\defaulttags.py", line 471, in render
    url = reverse(view_name, args=args, kwargs=kwargs, current_app=current_app)
  File "E:\Files\PycharmProjects\storage\.venv\Lib\site-packages\django\urls\base.py", line 88, in reverse
    return resolver._reverse_with_prefix(view, prefix, *args, **kwargs)
           ~~~~~~~~~~~~~~~~~~~~~~~~~~~~~^^^^^^^^^^^^^^^^^^^^^^^^^^^^^^^
  File "E:\Files\PycharmProjects\storage\.venv\Lib\site-packages\django\urls\resolvers.py", line 828, in _reverse_with_prefix
    raise NoReverseMatch(msg)
django.urls.exceptions.NoReverseMatch: Reverse for 'register' not found. 'register' is not a valid view function or pattern name.
"GET /users/login/?ide_webview_request_time=1763908970023 HTTP/1.1" 500 163832
Not Found: /@vite/client
"GET /@vite/client HTTP/1.1" 404 3146
"GET /users/login/?ide_webview_request_time=1763908998312 HTTP/1.1" 200 4471
Not Found: /@vite/client
"GET /@vite/client HTTP/1.1" 404 3146
"GET /accounts/login/?next=/items/deposit/ HTTP/1.1" 200 2089
"GET /items/deposit/ HTTP/1.1" 302 0
"GET /accounts/login/?next=/items/deposit/ HTTP/1.1" 200 2089
"GET /items/deposit/ HTTP/1.1" 302 0
"GET /accounts/login/?next=/items/deposit/ HTTP/1.1" 200 2089
E:\Files\PycharmProjects\storage\config\settings\dev.py changed, reloading.
Watching for file changes with StatReloader
Watching for file changes with StatReloader
"GET /?ide_webview_request_time=1763909163289 HTTP/1.1" 200 5867
Not Found: /@vite/client
"GET /@vite/client HTTP/1.1" 404 3146
"GET / HTTP/1.1" 200 5867
"GET /items/deposit/ HTTP/1.1" 302 0
"GET /users/login/?next=/items/deposit/ HTTP/1.1" 200 4471
"GET /items/deposit/?ide_webview_request_time=1763909173696 HTTP/1.1" 302 0
"GET /users/login/?next=/items/deposit/%3Fide_webview_request_time%3D1763909173696 HTTP/1.1" 200 4471
"GET /items/deposit/ HTTP/1.1" 302 0
"GET /users/login/?next=/items/deposit/ HTTP/1.1" 200 4471
Not Found: /@vite/client
"GET /@vite/client HTTP/1.1" 404 3146
"GET /users/login/?next=/items/deposit/%3Fide_webview_request_time%3D1763909173696 HTTP/1.1" 200 4471
"GET /users/login/?next=/items/deposit/%3Fide_webview_request_time%3D1763909173696 HTTP/1.1" 200 4471
E:\Files\PycharmProjects\storage\users\views.py changed, reloading.
Watching for file changes with StatReloader
E:\Files\PycharmProjects\storage\items\views.py changed, reloading.
Watching for file changes with StatReloader
Watching for file changes with StatReloader
Internal Server Error: /
Traceback (most recent call last):
  File "E:\Files\PycharmProjects\storage\.venv\Lib\site-packages\django\urls\base.py", line 71, in reverse
    extra, resolver = resolver.namespace_dict[ns]
                      ~~~~~~~~~~~~~~~~~~~~~~~^^^^
KeyError: 'items'

During handling of the above exception, another exception occurred:

Traceback (most recent call last):
  File "E:\Files\PycharmProjects\storage\.venv\Lib\site-packages\django\core\handlers\exception.py", line 55, in inner
    response = get_response(request)
  File "E:\Files\PycharmProjects\storage\.venv\Lib\site-packages\django\core\handlers\base.py", line 220, in _get_response
    response = response.render()
  File "E:\Files\PycharmProjects\storage\.venv\Lib\site-packages\django\template\response.py", line 114, in render
    self.content = self.rendered_content
                   ^^^^^^^^^^^^^^^^^^^^^
  File "E:\Files\PycharmProjects\storage\.venv\Lib\site-packages\django\template\response.py", line 92, in rendered_content
    return template.render(context, self._request)
           ~~~~~~~~~~~~~~~^^^^^^^^^^^^^^^^^^^^^^^^
  File "E:\Files\PycharmProjects\storage\.venv\Lib\site-packages\django\template\backends\django.py", line 61, in render
    return self.template.render(context)
           ~~~~~~~~~~~~~~~~~~~~^^^^^^^^^
  File "E:\Files\PycharmProjects\storage\.venv\Lib\site-packages\django\template\base.py", line 175, in render
    return self._render(context)
           ~~~~~~~~~~~~^^^^^^^^^
  File "E:\Files\PycharmProjects\storage\.venv\Lib\site-packages\django\template\base.py", line 167, in _render
    return self.nodelist.render(context)
           ~~~~~~~~~~~~~~~~~~~~^^^^^^^^^
  File "E:\Files\PycharmProjects\storage\.venv\Lib\site-packages\django\template\base.py", line 1005, in render
    return SafeString("".join([node.render_annotated(context) for node in self]))
                               ~~~~~~~~~~~~~~~~~~~~~^^^^^^^^^
  File "E:\Files\PycharmProjects\storage\.venv\Lib\site-packages\django\template\base.py", line 966, in render_annotated
    return self.render(context)
           ~~~~~~~~~~~^^^^^^^^^
  File "E:\Files\PycharmProjects\storage\.venv\Lib\site-packages\django\template\defaulttags.py", line 471, in render
    url = reverse(view_name, args=args, kwargs=kwargs, current_app=current_app)
  File "E:\Files\PycharmProjects\storage\.venv\Lib\site-packages\django\urls\base.py", line 82, in reverse
    raise NoReverseMatch("%s is not a registered namespace" % key)
django.urls.exceptions.NoReverseMatch: 'items' is not a registered namespace
"GET /?ide_webview_request_time=1763909633196 HTTP/1.1" 500 127012
Not Found: /@vite/client
"GET /@vite/client HTTP/1.1" 404 2711
Internal Server Error: /users/login/
Traceback (most recent call last):
  File "E:\Files\PycharmProjects\storage\.venv\Lib\site-packages\django\core\handlers\exception.py", line 55, in inner
    response = get_response(request)
  File "E:\Files\PycharmProjects\storage\.venv\Lib\site-packages\django\core\handlers\base.py", line 197, in _get_response
    response = wrapped_callback(request, *callback_args, **callback_kwargs)
  File "E:\Files\PycharmProjects\storage\users\views.py", line 41, in user_login
    return render(request, 'users/login.html', {'form': form})
  File "E:\Files\PycharmProjects\storage\.venv\Lib\site-packages\django\shortcuts.py", line 24, in render
    content = loader.render_to_string(template_name, context, request, using=using)
  File "E:\Files\PycharmProjects\storage\.venv\Lib\site-packages\django\template\loader.py", line 62, in render_to_string
    return template.render(context, request)
           ~~~~~~~~~~~~~~~^^^^^^^^^^^^^^^^^^
  File "E:\Files\PycharmProjects\storage\.venv\Lib\site-packages\django\template\backends\django.py", line 61, in render
    return self.template.render(context)
           ~~~~~~~~~~~~~~~~~~~~^^^^^^^^^
  File "E:\Files\PycharmProjects\storage\.venv\Lib\site-packages\django\template\base.py", line 175, in render
    return self._render(context)
           ~~~~~~~~~~~~^^^^^^^^^
  File "E:\Files\PycharmProjects\storage\.venv\Lib\site-packages\django\template\base.py", line 167, in _render
    return self.nodelist.render(context)
           ~~~~~~~~~~~~~~~~~~~~^^^^^^^^^
  File "E:\Files\PycharmProjects\storage\.venv\Lib\site-packages\django\template\base.py", line 1005, in render
    return SafeString("".join([node.render_annotated(context) for node in self]))
                               ~~~~~~~~~~~~~~~~~~~~~^^^^^^^^^
  File "E:\Files\PycharmProjects\storage\.venv\Lib\site-packages\django\template\base.py", line 966, in render_annotated
    return self.render(context)
           ~~~~~~~~~~~^^^^^^^^^
  File "E:\Files\PycharmProjects\storage\.venv\Lib\site-packages\django\template\loader_tags.py", line 157, in render
    return compiled_parent._render(context)
           ~~~~~~~~~~~~~~~~~~~~~~~^^^^^^^^^
  File "E:\Files\PycharmProjects\storage\.venv\Lib\site-packages\django\template\base.py", line 167, in _render
    return self.nodelist.render(context)
           ~~~~~~~~~~~~~~~~~~~~^^^^^^^^^
  File "E:\Files\PycharmProjects\storage\.venv\Lib\site-packages\django\template\base.py", line 1005, in render
    return SafeString("".join([node.render_annotated(context) for node in self]))
                               ~~~~~~~~~~~~~~~~~~~~~^^^^^^^^^
  File "E:\Files\PycharmProjects\storage\.venv\Lib\site-packages\django\template\base.py", line 966, in render_annotated
    return self.render(context)
           ~~~~~~~~~~~^^^^^^^^^
  File "E:\Files\PycharmProjects\storage\.venv\Lib\site-packages\django\template\loader_tags.py", line 63, in render
    result = block.nodelist.render(context)
  File "E:\Files\PycharmProjects\storage\.venv\Lib\site-packages\django\template\base.py", line 1005, in render
    return SafeString("".join([node.render_annotated(context) for node in self]))
                               ~~~~~~~~~~~~~~~~~~~~~^^^^^^^^^
  File "E:\Files\PycharmProjects\storage\.venv\Lib\site-packages\django\template\base.py", line 966, in render_annotated
    return self.render(context)
           ~~~~~~~~~~~^^^^^^^^^
  File "E:\Files\PycharmProjects\storage\.venv\Lib\site-packages\django\template\defaulttags.py", line 471, in render
    url = reverse(view_name, args=args, kwargs=kwargs, current_app=current_app)
  File "E:\Files\PycharmProjects\storage\.venv\Lib\site-packages\django\urls\base.py", line 88, in reverse
    return resolver._reverse_with_prefix(view, prefix, *args, **kwargs)
           ~~~~~~~~~~~~~~~~~~~~~~~~~~~~~^^^^^^^^^^^^^^^^^^^^^^^^^^^^^^^
  File "E:\Files\PycharmProjects\storage\.venv\Lib\site-packages\django\urls\resolvers.py", line 828, in _reverse_with_prefix
    raise NoReverseMatch(msg)
django.urls.exceptions.NoReverseMatch: Reverse for 'user_register' not found. 'user_register' is not a valid view function or pattern name.
"GET /users/login/?ide_webview_request_time=1763909642482 HTTP/1.1" 500 162988
Not Found: /@vite/client
"GET /@vite/client HTTP/1.1" 404 2711
"GET /users/login/?ide_webview_request_time=1763909705922 HTTP/1.1" 200 4439
Not Found: /@vite/client
"GET /@vite/client HTTP/1.1" 404 2711
Watching for file changes with StatReloader
E:\Files\PycharmProjects\storage\config\settings\dev.py changed, reloading.
Watching for file changes with StatReloader
Watching for file changes with StatReloader
Internal Server Error: /
Traceback (most recent call last):
  File "E:\Files\PycharmProjects\storage\.venv\Lib\site-packages\django\urls\base.py", line 71, in reverse
    extra, resolver = resolver.namespace_dict[ns]
                      ~~~~~~~~~~~~~~~~~~~~~~~^^^^
KeyError: 'items'

During handling of the above exception, another exception occurred:

Traceback (most recent call last):
  File "E:\Files\PycharmProjects\storage\.venv\Lib\site-packages\django\core\handlers\exception.py", line 55, in inner
    response = get_response(request)
  File "E:\Files\PycharmProjects\storage\.venv\Lib\site-packages\django\core\handlers\base.py", line 220, in _get_response
    response = response.render()
  File "E:\Files\PycharmProjects\storage\.venv\Lib\site-packages\django\template\response.py", line 114, in render
    self.content = self.rendered_content
                   ^^^^^^^^^^^^^^^^^^^^^
  File "E:\Files\PycharmProjects\storage\.venv\Lib\site-packages\django\template\response.py", line 92, in rendered_content
    return template.render(context, self._request)
           ~~~~~~~~~~~~~~~^^^^^^^^^^^^^^^^^^^^^^^^
  File "E:\Files\PycharmProjects\storage\.venv\Lib\site-packages\django\template\backends\django.py", line 61, in render
    return self.template.render(context)
           ~~~~~~~~~~~~~~~~~~~~^^^^^^^^^
  File "E:\Files\PycharmProjects\storage\.venv\Lib\site-packages\django\template\base.py", line 175, in render
    return self._render(context)
           ~~~~~~~~~~~~^^^^^^^^^
  File "E:\Files\PycharmProjects\storage\.venv\Lib\site-packages\django\template\base.py", line 167, in _render
    return self.nodelist.render(context)
           ~~~~~~~~~~~~~~~~~~~~^^^^^^^^^
  File "E:\Files\PycharmProjects\storage\.venv\Lib\site-packages\django\template\base.py", line 1005, in render
    return SafeString("".join([node.render_annotated(context) for node in self]))
                               ~~~~~~~~~~~~~~~~~~~~~^^^^^^^^^
  File "E:\Files\PycharmProjects\storage\.venv\Lib\site-packages\django\template\base.py", line 966, in render_annotated
    return self.render(context)
           ~~~~~~~~~~~^^^^^^^^^
  File "E:\Files\PycharmProjects\storage\.venv\Lib\site-packages\django\template\defaulttags.py", line 471, in render
    url = reverse(view_name, args=args, kwargs=kwargs, current_app=current_app)
  File "E:\Files\PycharmProjects\storage\.venv\Lib\site-packages\django\urls\base.py", line 82, in reverse
    raise NoReverseMatch("%s is not a registered namespace" % key)
django.urls.exceptions.NoReverseMatch: 'items' is not a registered namespace
"GET / HTTP/1.1" 500 126529
E:\Files\PycharmProjects\storage\manage.py changed, reloading.
Watching for file changes with StatReloader
E:\Files\PycharmProjects\storage\src\config\settings\dev.py changed, reloading.
Watching for file changes with StatReloader
E:\Files\PycharmProjects\storage\src\apps\users\apps.py changed, reloading.
Watching for file changes with StatReloader
E:\Files\PycharmProjects\storage\src\apps\items\apps.py changed, reloading.
Watching for file changes with StatReloader
Watching for file changes with StatReloader
Watching for file changes with StatReloader
E:\Files\PycharmProjects\storage\src\apps\users\models.py changed, reloading.
Watching for file changes with StatReloader
Watching for file changes with StatReloader
Watching for file changes with StatReloader
Internal Server Error: /
Traceback (most recent call last):
  File "E:\Files\PycharmProjects\storage\.venv\Lib\site-packages\django\urls\base.py", line 71, in reverse
    extra, resolver = resolver.namespace_dict[ns]
                      ~~~~~~~~~~~~~~~~~~~~~~~^^^^
KeyError: 'items'

During handling of the above exception, another exception occurred:

Traceback (most recent call last):
  File "E:\Files\PycharmProjects\storage\.venv\Lib\site-packages\django\core\handlers\exception.py", line 55, in inner
    response = get_response(request)
  File "E:\Files\PycharmProjects\storage\.venv\Lib\site-packages\django\core\handlers\base.py", line 220, in _get_response
    response = response.render()
  File "E:\Files\PycharmProjects\storage\.venv\Lib\site-packages\django\template\response.py", line 114, in render
    self.content = self.rendered_content
                   ^^^^^^^^^^^^^^^^^^^^^
  File "E:\Files\PycharmProjects\storage\.venv\Lib\site-packages\django\template\response.py", line 92, in rendered_content
    return template.render(context, self._request)
           ~~~~~~~~~~~~~~~^^^^^^^^^^^^^^^^^^^^^^^^
  File "E:\Files\PycharmProjects\storage\.venv\Lib\site-packages\django\template\backends\django.py", line 61, in render
    return self.template.render(context)
           ~~~~~~~~~~~~~~~~~~~~^^^^^^^^^
  File "E:\Files\PycharmProjects\storage\.venv\Lib\site-packages\django\template\base.py", line 175, in render
    return self._render(context)
           ~~~~~~~~~~~~^^^^^^^^^
  File "E:\Files\PycharmProjects\storage\.venv\Lib\site-packages\django\template\base.py", line 167, in _render
    return self.nodelist.render(context)
           ~~~~~~~~~~~~~~~~~~~~^^^^^^^^^
  File "E:\Files\PycharmProjects\storage\.venv\Lib\site-packages\django\template\base.py", line 1005, in render
    return SafeString("".join([node.render_annotated(context) for node in self]))
                               ~~~~~~~~~~~~~~~~~~~~~^^^^^^^^^
  File "E:\Files\PycharmProjects\storage\.venv\Lib\site-packages\django\template\base.py", line 966, in render_annotated
    return self.render(context)
           ~~~~~~~~~~~^^^^^^^^^
  File "E:\Files\PycharmProjects\storage\.venv\Lib\site-packages\django\template\defaulttags.py", line 471, in render
    url = reverse(view_name, args=args, kwargs=kwargs, current_app=current_app)
  File "E:\Files\PycharmProjects\storage\.venv\Lib\site-packages\django\urls\base.py", line 82, in reverse
    raise NoReverseMatch("%s is not a registered namespace" % key)
django.urls.exceptions.NoReverseMatch: 'items' is not a registered namespace
"GET / HTTP/1.1" 500 126620
E:\Files\PycharmProjects\storage\src\config\urls.py changed, reloading.
Watching for file changes with StatReloader
Watching for file changes with StatReloader
"GET /?ide_webview_request_time=1763911718208 HTTP/1.1" 200 5867
Not Found: /@vite/client
"GET /@vite/client HTTP/1.1" 404 2817
"GET / HTTP/1.1" 200 5867
"GET /items/deposit/ HTTP/1.1" 302 0
"GET /users/login/?next=/items/deposit/ HTTP/1.1" 200 4439
"GET /items/deposit/ HTTP/1.1" 302 0
"GET /users/login/?next=/items/deposit/ HTTP/1.1" 200 4439
"GET /users/login/?next=/items/deposit/ HTTP/1.1" 200 4439
Watching for file changes with StatReloader
"GET /users/login?ide_webview_request_time=1763912817062 HTTP/1.1" 301 0
"GET /users/login/?ide_webview_request_time=1763912817062 HTTP/1.1" 200 7844
Not Found: /@vite/client
"GET /@vite/client HTTP/1.1" 404 2817
"GET /users/login/?next=/items/deposit/ HTTP/1.1" 200 7844
Internal Server Error: /users/login/
Traceback (most recent call last):
  File "E:\Files\PycharmProjects\storage\.venv\Lib\site-packages\django\db\backends\utils.py", line 89, in _execute
    return self.cursor.execute(sql, params)
           ~~~~~~~~~~~~~~~~~~~^^^^^^^^^^^^^
  File "E:\Files\PycharmProjects\storage\.venv\Lib\site-packages\django\db\backends\sqlite3\base.py", line 328, in execute
    return super().execute(query, params)
           ~~~~~~~~~~~~~~~^^^^^^^^^^^^^^^
sqlite3.OperationalError: no such table: users_user

The above exception was the direct cause of the following exception:

Traceback (most recent call last):
  File "E:\Files\PycharmProjects\storage\.venv\Lib\site-packages\django\core\handlers\exception.py", line 55, in inner
    response = get_response(request)
  File "E:\Files\PycharmProjects\storage\.venv\Lib\site-packages\django\core\handlers\base.py", line 197, in _get_response
    response = wrapped_callback(request, *callback_args, **callback_kwargs)
  File "E:\Files\PycharmProjects\storage\src\apps\users\views.py", line 25, in user_login
    if form.is_valid():
       ~~~~~~~~~~~~~^^
  File "E:\Files\PycharmProjects\storage\.venv\Lib\site-packages\django\forms\forms.py", line 201, in is_valid
    return self.is_bound and not self.errors
                                 ^^^^^^^^^^^
  File "E:\Files\PycharmProjects\storage\.venv\Lib\site-packages\django\forms\forms.py", line 196, in errors
    self.full_clean()
    ~~~~~~~~~~~~~~~^^
  File "E:\Files\PycharmProjects\storage\.venv\Lib\site-packages\django\forms\forms.py", line 434, in full_clean
    self._clean_form()
    ~~~~~~~~~~~~~~~~^^
  File "E:\Files\PycharmProjects\storage\.venv\Lib\site-packages\django\forms\forms.py", line 455, in _clean_form
    cleaned_data = self.clean()
  File "E:\Files\PycharmProjects\storage\.venv\Lib\site-packages\django\contrib\auth\forms.py", line 252, in clean
    self.user_cache = authenticate(
                      ~~~~~~~~~~~~^
        self.request, username=username, password=password
        ^^^^^^^^^^^^^^^^^^^^^^^^^^^^^^^^^^^^^^^^^^^^^^^^^^
    )
    ^
  File "E:\Files\PycharmProjects\storage\.venv\Lib\site-packages\django\views\decorators\debug.py", line 42, in sensitive_variables_wrapper
    return func(*func_args, **func_kwargs)
  File "E:\Files\PycharmProjects\storage\.venv\Lib\site-packages\django\contrib\auth\__init__.py", line 77, in authenticate
    user = backend.authenticate(request, **credentials)
  File "E:\Files\PycharmProjects\storage\.venv\Lib\site-packages\django\contrib\auth\backends.py", line 46, in authenticate
    user = UserModel._default_manager.get_by_natural_key(username)
  File "E:\Files\PycharmProjects\storage\.venv\Lib\site-packages\django\contrib\auth\base_user.py", line 54, in get_by_natural_key
    return self.get(**{self.model.USERNAME_FIELD: username})
           ~~~~~~~~^^^^^^^^^^^^^^^^^^^^^^^^^^^^^^^^^^^^^^^^^
  File "E:\Files\PycharmProjects\storage\.venv\Lib\site-packages\django\db\models\manager.py", line 87, in manager_method
    return getattr(self.get_queryset(), name)(*args, **kwargs)
           ~~~~~~~~~~~~~~~~~~~~~~~~~~~~~~~~~~^^^^^^^^^^^^^^^^^
  File "E:\Files\PycharmProjects\storage\.venv\Lib\site-packages\django\db\models\query.py", line 635, in get
    num = len(clone)
  File "E:\Files\PycharmProjects\storage\.venv\Lib\site-packages\django\db\models\query.py", line 382, in __len__
    self._fetch_all()
    ~~~~~~~~~~~~~~~^^
  File "E:\Files\PycharmProjects\storage\.venv\Lib\site-packages\django\db\models\query.py", line 1886, in _fetch_all
    self._result_cache = list(self._iterable_class(self))
                         ~~~~^^^^^^^^^^^^^^^^^^^^^^^^^^^^
  File "E:\Files\PycharmProjects\storage\.venv\Lib\site-packages\django\db\models\query.py", line 93, in __iter__
    results = compiler.execute_sql(
        chunked_fetch=self.chunked_fetch, chunk_size=self.chunk_size
    )
  File "E:\Files\PycharmProjects\storage\.venv\Lib\site-packages\django\db\models\sql\compiler.py", line 1562, in execute_sql
    cursor.execute(sql, params)
    ~~~~~~~~~~~~~~^^^^^^^^^^^^^
  File "E:\Files\PycharmProjects\storage\.venv\Lib\site-packages\django\db\backends\utils.py", line 102, in execute
    return super().execute(sql, params)
           ~~~~~~~~~~~~~~~^^^^^^^^^^^^^
  File "E:\Files\PycharmProjects\storage\.venv\Lib\site-packages\django\db\backends\utils.py", line 67, in execute
    return self._execute_with_wrappers(
           ~~~~~~~~~~~~~~~~~~~~~~~~~~~^
        sql, params, many=False, executor=self._execute
        ^^^^^^^^^^^^^^^^^^^^^^^^^^^^^^^^^^^^^^^^^^^^^^^
    )
    ^
  File "E:\Files\PycharmProjects\storage\.venv\Lib\site-packages\django\db\backends\utils.py", line 80, in _execute_with_wrappers
    return executor(sql, params, many, context)
  File "E:\Files\PycharmProjects\storage\.venv\Lib\site-packages\django\db\backends\utils.py", line 84, in _execute
    with self.db.wrap_database_errors:
         ^^^^^^^^^^^^^^^^^^^^^^^^^^^^
  File "E:\Files\PycharmProjects\storage\.venv\Lib\site-packages\django\db\utils.py", line 91, in __exit__
    raise dj_exc_value.with_traceback(traceback) from exc_value
  File "E:\Files\PycharmProjects\storage\.venv\Lib\site-packages\django\db\backends\utils.py", line 89, in _execute
    return self.cursor.execute(sql, params)
           ~~~~~~~~~~~~~~~~~~~^^^^^^^^^^^^^
  File "E:\Files\PycharmProjects\storage\.venv\Lib\site-packages\django\db\backends\sqlite3\base.py", line 328, in execute
    return super().execute(query, params)
           ~~~~~~~~~~~~~~~^^^^^^^^^^^^^^^
django.db.utils.OperationalError: no such table: users_user
"POST /users/login/ HTTP/1.1" 500 191105
"GET /items/deposit/ HTTP/1.1" 302 0
"GET /users/login/?next=/items/deposit/ HTTP/1.1" 200 7844
E:\Files\PycharmProjects\storage\src\apps\users\views.py changed, reloading.
Watching for file changes with StatReloader
E:\Files\PycharmProjects\storage\src\apps\users\forms.py changed, reloading.
Watching for file changes with StatReloader
Watching for file changes with StatReloader
Internal Server Error: /users/login/
Traceback (most recent call last):
  File "E:\Files\PycharmProjects\storage\.venv\Lib\site-packages\django\db\backends\utils.py", line 89, in _execute
    return self.cursor.execute(sql, params)
           ~~~~~~~~~~~~~~~~~~~^^^^^^^^^^^^^
  File "E:\Files\PycharmProjects\storage\.venv\Lib\site-packages\django\db\backends\sqlite3\base.py", line 328, in execute
    return super().execute(query, params)
           ~~~~~~~~~~~~~~~^^^^^^^^^^^^^^^
sqlite3.OperationalError: no such table: users_user

The above exception was the direct cause of the following exception:

Traceback (most recent call last):
  File "E:\Files\PycharmProjects\storage\.venv\Lib\site-packages\django\core\handlers\exception.py", line 55, in inner
    response = get_response(request)
  File "E:\Files\PycharmProjects\storage\.venv\Lib\site-packages\django\core\handlers\base.py", line 197, in _get_response
    response = wrapped_callback(request, *callback_args, **callback_kwargs)
  File "E:\Files\PycharmProjects\storage\src\apps\users\views.py", line 18, in user_login
    if form.is_valid():
       ~~~~~~~~~~~~~^^
  File "E:\Files\PycharmProjects\storage\.venv\Lib\site-packages\django\forms\forms.py", line 201, in is_valid
    return self.is_bound and not self.errors
                                 ^^^^^^^^^^^
  File "E:\Files\PycharmProjects\storage\.venv\Lib\site-packages\django\forms\forms.py", line 196, in errors
    self.full_clean()
    ~~~~~~~~~~~~~~~^^
  File "E:\Files\PycharmProjects\storage\.venv\Lib\site-packages\django\forms\forms.py", line 434, in full_clean
    self._clean_form()
    ~~~~~~~~~~~~~~~~^^
  File "E:\Files\PycharmProjects\storage\.venv\Lib\site-packages\django\forms\forms.py", line 455, in _clean_form
    cleaned_data = self.clean()
  File "E:\Files\PycharmProjects\storage\src\apps\users\forms.py", line 32, in clean
    self.user_cache = authenticate(
                      ~~~~~~~~~~~~^
        self.request, username=username, password=password
        ^^^^^^^^^^^^^^^^^^^^^^^^^^^^^^^^^^^^^^^^^^^^^^^^^^
    )
    ^
  File "E:\Files\PycharmProjects\storage\.venv\Lib\site-packages\django\views\decorators\debug.py", line 42, in sensitive_variables_wrapper
    return func(*func_args, **func_kwargs)
  File "E:\Files\PycharmProjects\storage\.venv\Lib\site-packages\django\contrib\auth\__init__.py", line 77, in authenticate
    user = backend.authenticate(request, **credentials)
  File "E:\Files\PycharmProjects\storage\.venv\Lib\site-packages\django\contrib\auth\backends.py", line 46, in authenticate
    user = UserModel._default_manager.get_by_natural_key(username)
  File "E:\Files\PycharmProjects\storage\.venv\Lib\site-packages\django\contrib\auth\base_user.py", line 54, in get_by_natural_key
    return self.get(**{self.model.USERNAME_FIELD: username})
           ~~~~~~~~^^^^^^^^^^^^^^^^^^^^^^^^^^^^^^^^^^^^^^^^^
  File "E:\Files\PycharmProjects\storage\.venv\Lib\site-packages\django\db\models\manager.py", line 87, in manager_method
    return getattr(self.get_queryset(), name)(*args, **kwargs)
           ~~~~~~~~~~~~~~~~~~~~~~~~~~~~~~~~~~^^^^^^^^^^^^^^^^^
  File "E:\Files\PycharmProjects\storage\.venv\Lib\site-packages\django\db\models\query.py", line 635, in get
    num = len(clone)
  File "E:\Files\PycharmProjects\storage\.venv\Lib\site-packages\django\db\models\query.py", line 382, in __len__
    self._fetch_all()
    ~~~~~~~~~~~~~~~^^
  File "E:\Files\PycharmProjects\storage\.venv\Lib\site-packages\django\db\models\query.py", line 1886, in _fetch_all
    self._result_cache = list(self._iterable_class(self))
                         ~~~~^^^^^^^^^^^^^^^^^^^^^^^^^^^^
  File "E:\Files\PycharmProjects\storage\.venv\Lib\site-packages\django\db\models\query.py", line 93, in __iter__
    results = compiler.execute_sql(
        chunked_fetch=self.chunked_fetch, chunk_size=self.chunk_size
    )
  File "E:\Files\PycharmProjects\storage\.venv\Lib\site-packages\django\db\models\sql\compiler.py", line 1562, in execute_sql
    cursor.execute(sql, params)
    ~~~~~~~~~~~~~~^^^^^^^^^^^^^
  File "E:\Files\PycharmProjects\storage\.venv\Lib\site-packages\django\db\backends\utils.py", line 102, in execute
    return super().execute(sql, params)
           ~~~~~~~~~~~~~~~^^^^^^^^^^^^^
  File "E:\Files\PycharmProjects\storage\.venv\Lib\site-packages\django\db\backends\utils.py", line 67, in execute
    return self._execute_with_wrappers(
           ~~~~~~~~~~~~~~~~~~~~~~~~~~~^
        sql, params, many=False, executor=self._execute
        ^^^^^^^^^^^^^^^^^^^^^^^^^^^^^^^^^^^^^^^^^^^^^^^
    )
    ^
  File "E:\Files\PycharmProjects\storage\.venv\Lib\site-packages\django\db\backends\utils.py", line 80, in _execute_with_wrappers
    return executor(sql, params, many, context)
  File "E:\Files\PycharmProjects\storage\.venv\Lib\site-packages\django\db\backends\utils.py", line 84, in _execute
    with self.db.wrap_database_errors:
         ^^^^^^^^^^^^^^^^^^^^^^^^^^^^
  File "E:\Files\PycharmProjects\storage\.venv\Lib\site-packages\django\db\utils.py", line 91, in __exit__
    raise dj_exc_value.with_traceback(traceback) from exc_value
  File "E:\Files\PycharmProjects\storage\.venv\Lib\site-packages\django\db\backends\utils.py", line 89, in _execute
    return self.cursor.execute(sql, params)
           ~~~~~~~~~~~~~~~~~~~^^^^^^^^^^^^^
  File "E:\Files\PycharmProjects\storage\.venv\Lib\site-packages\django\db\backends\sqlite3\base.py", line 328, in execute
    return super().execute(query, params)
           ~~~~~~~~~~~~~~~^^^^^^^^^^^^^^^
django.db.utils.OperationalError: no such table: users_user
"POST /users/login/ HTTP/1.1" 500 190881
E:\Files\PycharmProjects\storage\src\apps\users\views.py changed, reloading.
Watching for file changes with StatReloader
E:\Files\PycharmProjects\storage\src\apps\users\urls.py changed, reloading.
Watching for file changes with StatReloader
"GET /users/login/?next=/items/deposit/ HTTP/1.1" 200 7875
"GET /users/register/ HTTP/1.1" 200 6123
"GET /users/login/ HTTP/1.1" 200 7875
"GET /users/register/ HTTP/1.1" 200 6123
E:\Files\PycharmProjects\storage\src\apps\users\forms.py changed, reloading.
Watching for file changes with StatReloader
E:\Files\PycharmProjects\storage\src\apps\users\views.py changed, reloading.
Watching for file changes with StatReloader
Watching for file changes with StatReloader
"GET /users/login/ HTTP/1.1" 200 7875
"GET /users/register/ HTTP/1.1" 200 8343
E:\Files\PycharmProjects\storage\src\apps\users\forms.py changed, reloading.
Watching for file changes with StatReloader
"GET /users/register/ HTTP/1.1" 200 7414
Internal Server Error: /users/register/
Traceback (most recent call last):
  File "E:\Files\PycharmProjects\storage\.venv\Lib\site-packages\django\db\backends\utils.py", line 89, in _execute
    return self.cursor.execute(sql, params)
           ~~~~~~~~~~~~~~~~~~~^^^^^^^^^^^^^
  File "E:\Files\PycharmProjects\storage\.venv\Lib\site-packages\django\db\backends\sqlite3\base.py", line 328, in execute
    return super().execute(query, params)
           ~~~~~~~~~~~~~~~^^^^^^^^^^^^^^^
sqlite3.OperationalError: no such table: users_user

The above exception was the direct cause of the following exception:

Traceback (most recent call last):
  File "E:\Files\PycharmProjects\storage\.venv\Lib\site-packages\django\core\handlers\exception.py", line 55, in inner
    response = get_response(request)
  File "E:\Files\PycharmProjects\storage\.venv\Lib\site-packages\django\core\handlers\base.py", line 197, in _get_response
    response = wrapped_callback(request, *callback_args, **callback_kwargs)
  File "E:\Files\PycharmProjects\storage\src\apps\users\views.py", line 22, in user_register
    if form.is_valid():
       ~~~~~~~~~~~~~^^
  File "E:\Files\PycharmProjects\storage\.venv\Lib\site-packages\django\forms\forms.py", line 201, in is_valid
    return self.is_bound and not self.errors
                                 ^^^^^^^^^^^
  File "E:\Files\PycharmProjects\storage\.venv\Lib\site-packages\django\forms\forms.py", line 196, in errors
    self.full_clean()
    ~~~~~~~~~~~~~~~^^
  File "E:\Files\PycharmProjects\storage\.venv\Lib\site-packages\django\forms\forms.py", line 433, in full_clean
    self._clean_fields()
    ~~~~~~~~~~~~~~~~~~^^
  File "E:\Files\PycharmProjects\storage\.venv\Lib\site-packages\django\forms\forms.py", line 448, in _clean_fields
    value = getattr(self, "clean_%s" % name)()
  File "E:\Files\PycharmProjects\storage\.venv\Lib\site-packages\django\contrib\auth\forms.py", line 165, in clean_username
    and self._meta.model.objects.filter(username__iexact=username).exists()
        ~~~~~~~~~~~~~~~~~~~~~~~~~~~~~~~~~~~~~~~~~~~~~~~~~~~~~~~~~~~~~~~~~^^
  File "E:\Files\PycharmProjects\storage\.venv\Lib\site-packages\django\db\models\query.py", line 1243, in exists
    return self.query.has_results(using=self.db)
           ~~~~~~~~~~~~~~~~~~~~~~^^^^^^^^^^^^^^^
  File "E:\Files\PycharmProjects\storage\.venv\Lib\site-packages\django\db\models\sql\query.py", line 598, in has_results
    return compiler.has_results()
           ~~~~~~~~~~~~~~~~~~~~^^
  File "E:\Files\PycharmProjects\storage\.venv\Lib\site-packages\django\db\models\sql\compiler.py", line 1530, in has_results
    return bool(self.execute_sql(SINGLE))
                ~~~~~~~~~~~~~~~~^^^^^^^^
  File "E:\Files\PycharmProjects\storage\.venv\Lib\site-packages\django\db\models\sql\compiler.py", line 1562, in execute_sql
    cursor.execute(sql, params)
    ~~~~~~~~~~~~~~^^^^^^^^^^^^^
  File "E:\Files\PycharmProjects\storage\.venv\Lib\site-packages\django\db\backends\utils.py", line 102, in execute
    return super().execute(sql, params)
           ~~~~~~~~~~~~~~~^^^^^^^^^^^^^
  File "E:\Files\PycharmProjects\storage\.venv\Lib\site-packages\django\db\backends\utils.py", line 67, in execute
    return self._execute_with_wrappers(
           ~~~~~~~~~~~~~~~~~~~~~~~~~~~^
        sql, params, many=False, executor=self._execute
        ^^^^^^^^^^^^^^^^^^^^^^^^^^^^^^^^^^^^^^^^^^^^^^^
    )
    ^
  File "E:\Files\PycharmProjects\storage\.venv\Lib\site-packages\django\db\backends\utils.py", line 80, in _execute_with_wrappers
    return executor(sql, params, many, context)
  File "E:\Files\PycharmProjects\storage\.venv\Lib\site-packages\django\db\backends\utils.py", line 84, in _execute
    with self.db.wrap_database_errors:
         ^^^^^^^^^^^^^^^^^^^^^^^^^^^^
  File "E:\Files\PycharmProjects\storage\.venv\Lib\site-packages\django\db\utils.py", line 91, in __exit__
    raise dj_exc_value.with_traceback(traceback) from exc_value
  File "E:\Files\PycharmProjects\storage\.venv\Lib\site-packages\django\db\backends\utils.py", line 89, in _execute
    return self.cursor.execute(sql, params)
           ~~~~~~~~~~~~~~~~~~~^^^^^^^^^^^^^
  File "E:\Files\PycharmProjects\storage\.venv\Lib\site-packages\django\db\backends\sqlite3\base.py", line 328, in execute
    return super().execute(query, params)
           ~~~~~~~~~~~~~~~^^^^^^^^^^^^^^^
django.db.utils.OperationalError: no such table: users_user
"POST /users/register/ HTTP/1.1" 500 158822
"GET /users/register/ HTTP/1.1" 200 7414
Watching for file changes with StatReloader
"GET /users/register/ HTTP/1.1" 200 7414
"GET /users/login/ HTTP/1.1" 200 7875
"GET /users/register/ HTTP/1.1" 200 7414
"POST /users/register/ HTTP/1.1" 302 0
"GET /users/login/ HTTP/1.1" 200 7875
Internal Server Error: /users/login/
Traceback (most recent call last):
  File "E:\Files\PycharmProjects\storage\.venv\Lib\site-packages\django\core\handlers\exception.py", line 55, in inner
    response = get_response(request)
  File "E:\Files\PycharmProjects\storage\.venv\Lib\site-packages\django\core\handlers\base.py", line 197, in _get_response
    response = wrapped_callback(request, *callback_args, **callback_kwargs)
  File "E:\Files\PycharmProjects\storage\src\apps\users\views.py", line 52, in user_login
    return redirect('items:item_list')
  File "E:\Files\PycharmProjects\storage\.venv\Lib\site-packages\django\shortcuts.py", line 48, in redirect
    return redirect_class(resolve_url(to, *args, **kwargs))
                          ~~~~~~~~~~~^^^^^^^^^^^^^^^^^^^^^
  File "E:\Files\PycharmProjects\storage\.venv\Lib\site-packages\django\shortcuts.py", line 145, in resolve_url
    return reverse(to, args=args, kwargs=kwargs)
  File "E:\Files\PycharmProjects\storage\.venv\Lib\site-packages\django\urls\base.py", line 88, in reverse
    return resolver._reverse_with_prefix(view, prefix, *args, **kwargs)
           ~~~~~~~~~~~~~~~~~~~~~~~~~~~~~^^^^^^^^^^^^^^^^^^^^^^^^^^^^^^^
  File "E:\Files\PycharmProjects\storage\.venv\Lib\site-packages\django\urls\resolvers.py", line 828, in _reverse_with_prefix
    raise NoReverseMatch(msg)
django.urls.exceptions.NoReverseMatch: Reverse for 'item_list' not found. 'item_list' is not a valid view function or pattern name.
"POST /users/login/ HTTP/1.1" 500 98752
E:\Files\PycharmProjects\storage\src\apps\users\views.py changed, reloading.
Watching for file changes with StatReloader
Watching for file changes with StatReloader
"GET /users/login/ HTTP/1.1" 200 7875
"POST /users/login/ HTTP/1.1" 302 0
"GET /items/deposit/ HTTP/1.1" 302 0
"GET / HTTP/1.1" 200 5867
"GET /items/deposit/ HTTP/1.1" 302 0
"GET / HTTP/1.1" 200 5867
"GET /items/deposit/ HTTP/1.1" 302 0
"GET / HTTP/1.1" 200 5867
"GET /items/deposit/ HTTP/1.1" 302 0
"GET / HTTP/1.1" 200 5867
"GET /items/deposit/ HTTP/1.1" 302 0
"GET / HTTP/1.1" 200 5867
"GET /items/deposit/ HTTP/1.1" 302 0
"GET / HTTP/1.1" 200 5867
"GET /items/deposit/ HTTP/1.1" 302 0
"GET / HTTP/1.1" 200 5867
"GET /items/deposit/ HTTP/1.1" 302 0
"GET / HTTP/1.1" 200 5867
"GET /items/deposit/ HTTP/1.1" 302 0
"GET / HTTP/1.1" 200 5867
"GET /items/deposit/ HTTP/1.1" 302 0
"GET / HTTP/1.1" 200 5867
"GET /items/deposit/ HTTP/1.1" 302 0
"GET / HTTP/1.1" 200 5867
"GET /items/deposit/ HTTP/1.1" 302 0
"GET / HTTP/1.1" 200 5867
"GET /items/deposit/ HTTP/1.1" 302 0
"GET / HTTP/1.1" 200 5867
"GET /items/deposit/ HTTP/1.1" 302 0
"GET / HTTP/1.1" 200 5867
E:\Files\PycharmProjects\storage\src\apps\items\views.py changed, reloading.
Watching for file changes with StatReloader
E:\Files\PycharmProjects\storage\src\apps\items\views.py changed, reloading.
Watching for file changes with StatReloader
Internal Server Error: /items/deposit/
Traceback (most recent call last):
  File "E:\Files\PycharmProjects\storage\.venv\Lib\site-packages\django\core\handlers\exception.py", line 55, in inner
    response = get_response(request)
  File "E:\Files\PycharmProjects\storage\.venv\Lib\site-packages\django\core\handlers\base.py", line 197, in _get_response
    response = wrapped_callback(request, *callback_args, **callback_kwargs)
  File "E:\Files\PycharmProjects\storage\.venv\Lib\site-packages\django\contrib\auth\decorators.py", line 23, in _wrapper_view
    return view_func(request, *args, **kwargs)
  File "E:\Files\PycharmProjects\storage\src\apps\items\views.py", line 38, in deposit_item
    return render(request, 'deposit_item.html', {'form': form})
  File "E:\Files\PycharmProjects\storage\.venv\Lib\site-packages\django\shortcuts.py", line 24, in render
    content = loader.render_to_string(template_name, context, request, using=using)
  File "E:\Files\PycharmProjects\storage\.venv\Lib\site-packages\django\template\loader.py", line 61, in render_to_string
    template = get_template(template_name, using=using)
  File "E:\Files\PycharmProjects\storage\.venv\Lib\site-packages\django\template\loader.py", line 19, in get_template
    raise TemplateDoesNotExist(template_name, chain=chain)
django.template.exceptions.TemplateDoesNotExist: deposit_item.html
"GET /items/deposit/ HTTP/1.1" 500 97539
E:\Files\PycharmProjects\storage\src\apps\items\views.py changed, reloading.
Watching for file changes with StatReloader
E:\Files\PycharmProjects\storage\src\config\urls.py changed, reloading.
Watching for file changes with StatReloader
E:\Files\PycharmProjects\storage\src\apps\items\views.py changed, reloading.
Watching for file changes with StatReloader
"GET / HTTP/1.1" 200 13542
E:\Files\PycharmProjects\storage\src\apps\items\views.py changed, reloading.
Watching for file changes with StatReloader
"GET / HTTP/1.1" 200 19119
E:\Files\PycharmProjects\storage\src\apps\items\views.py changed, reloading.
Watching for file changes with StatReloader
E:\Files\PycharmProjects\storage\src\apps\items\views.py changed, reloading.
Watching for file changes with StatReloader
"GET / HTTP/1.1" 200 12542
E:\Files\PycharmProjects\storage\src\apps\items\views.py changed, reloading.
Watching for file changes with StatReloader
"GET /?ide_webview_request_time=1763917885920 HTTP/1.1" 200 12565
Not Found: /@vite/client
"GET /@vite/client HTTP/1.1" 404 2930
"GET / HTTP/1.1" 200 12565
Internal Server Error: /items/deposit/
Traceback (most recent call last):
  File "E:\Files\PycharmProjects\storage\src\apps\items\views.py", line 38, in deposit_item
    return redirect('items:index')
  File "E:\Files\PycharmProjects\storage\.venv\Lib\site-packages\django\shortcuts.py", line 48, in redirect
    return redirect_class(resolve_url(to, *args, **kwargs))
                          ~~~~~~~~~~~^^^^^^^^^^^^^^^^^^^^^
  File "E:\Files\PycharmProjects\storage\.venv\Lib\site-packages\django\shortcuts.py", line 145, in resolve_url
    return reverse(to, args=args, kwargs=kwargs)
  File "E:\Files\PycharmProjects\storage\.venv\Lib\site-packages\django\urls\base.py", line 88, in reverse
    return resolver._reverse_with_prefix(view, prefix, *args, **kwargs)
           ~~~~~~~~~~~~~~~~~~~~~~~~~~~~~^^^^^^^^^^^^^^^^^^^^^^^^^^^^^^^
  File "E:\Files\PycharmProjects\storage\.venv\Lib\site-packages\django\urls\resolvers.py", line 828, in _reverse_with_prefix
    raise NoReverseMatch(msg)
django.urls.exceptions.NoReverseMatch: Reverse for 'index' not found. 'index' is not a valid view function or pattern name.

During handling of the above exception, another exception occurred:

Traceback (most recent call last):
  File "E:\Files\PycharmProjects\storage\.venv\Lib\site-packages\django\core\handlers\exception.py", line 55, in inner
    response = get_response(request)
  File "E:\Files\PycharmProjects\storage\.venv\Lib\site-packages\django\core\handlers\base.py", line 197, in _get_response
    response = wrapped_callback(request, *callback_args, **callback_kwargs)
  File "E:\Files\PycharmProjects\storage\.venv\Lib\site-packages\django\contrib\auth\decorators.py", line 23, in _wrapper_view
    return view_func(request, *args, **kwargs)
  File "E:\Files\PycharmProjects\storage\src\apps\items\views.py", line 41, in deposit_item
    return redirect('items:index')
  File "E:\Files\PycharmProjects\storage\.venv\Lib\site-packages\django\shortcuts.py", line 48, in redirect
    return redirect_class(resolve_url(to, *args, **kwargs))
                          ~~~~~~~~~~~^^^^^^^^^^^^^^^^^^^^^
  File "E:\Files\PycharmProjects\storage\.venv\Lib\site-packages\django\shortcuts.py", line 145, in resolve_url
    return reverse(to, args=args, kwargs=kwargs)
  File "E:\Files\PycharmProjects\storage\.venv\Lib\site-packages\django\urls\base.py", line 88, in reverse
    return resolver._reverse_with_prefix(view, prefix, *args, **kwargs)
           ~~~~~~~~~~~~~~~~~~~~~~~~~~~~~^^^^^^^^^^^^^^^^^^^^^^^^^^^^^^^
  File "E:\Files\PycharmProjects\storage\.venv\Lib\site-packages\django\urls\resolvers.py", line 828, in _reverse_with_prefix
    raise NoReverseMatch(msg)
django.urls.exceptions.NoReverseMatch: Reverse for 'index' not found. 'index' is not a valid view function or pattern name.
"POST /items/deposit/ HTTP/1.1" 500 127247
"GET /?ide_webview_request_time=1763918356401 HTTP/1.1" 200 14822
Not Found: /@vite/client
"GET /@vite/client HTTP/1.1" 404 2930
E:\Files\PycharmProjects\storage\src\apps\items\views.py changed, reloading.
Watching for file changes with StatReloader
"GET /?ide_webview_request_time=1763918431427 HTTP/1.1" 200 14822
Not Found: /@vite/client
"GET /@vite/client HTTP/1.1" 404 2930
"GET / HTTP/1.1" 200 15330
E:\Files\PycharmProjects\storage\src\apps\items\views.py changed, reloading.
Watching for file changes with StatReloader
"GET /?ide_webview_request_time=1763918688478 HTTP/1.1" 200 14768
Not Found: /@vite/client
"GET /@vite/client HTTP/1.1" 404 2930
"GET / HTTP/1.1" 200 14768
Internal Server Error: /items/deposit/
Traceback (most recent call last):
  File "E:\Files\PycharmProjects\storage\src\apps\items\views.py", line 35, in deposit_item
    return redirect('items:deposit')
  File "E:\Files\PycharmProjects\storage\.venv\Lib\site-packages\django\shortcuts.py", line 48, in redirect
    return redirect_class(resolve_url(to, *args, **kwargs))
                          ~~~~~~~~~~~^^^^^^^^^^^^^^^^^^^^^
  File "E:\Files\PycharmProjects\storage\.venv\Lib\site-packages\django\shortcuts.py", line 145, in resolve_url
    return reverse(to, args=args, kwargs=kwargs)
  File "E:\Files\PycharmProjects\storage\.venv\Lib\site-packages\django\urls\base.py", line 88, in reverse
    return resolver._reverse_with_prefix(view, prefix, *args, **kwargs)
           ~~~~~~~~~~~~~~~~~~~~~~~~~~~~~^^^^^^^^^^^^^^^^^^^^^^^^^^^^^^^
  File "E:\Files\PycharmProjects\storage\.venv\Lib\site-packages\django\urls\resolvers.py", line 828, in _reverse_with_prefix
    raise NoReverseMatch(msg)
django.urls.exceptions.NoReverseMatch: Reverse for 'deposit' not found. 'deposit' is not a valid view function or pattern name.

During handling of the above exception, another exception occurred:

Traceback (most recent call last):
  File "E:\Files\PycharmProjects\storage\.venv\Lib\site-packages\django\core\handlers\exception.py", line 55, in inner
    response = get_response(request)
  File "E:\Files\PycharmProjects\storage\.venv\Lib\site-packages\django\core\handlers\base.py", line 197, in _get_response
    response = wrapped_callback(request, *callback_args, **callback_kwargs)
  File "E:\Files\PycharmProjects\storage\.venv\Lib\site-packages\django\contrib\auth\decorators.py", line 23, in _wrapper_view
    return view_func(request, *args, **kwargs)
  File "E:\Files\PycharmProjects\storage\src\apps\items\views.py", line 37, in deposit_item
    return redirect('items:index')
  File "E:\Files\PycharmProjects\storage\.venv\Lib\site-packages\django\shortcuts.py", line 48, in redirect
    return redirect_class(resolve_url(to, *args, **kwargs))
                          ~~~~~~~~~~~^^^^^^^^^^^^^^^^^^^^^
  File "E:\Files\PycharmProjects\storage\.venv\Lib\site-packages\django\shortcuts.py", line 145, in resolve_url
    return reverse(to, args=args, kwargs=kwargs)
  File "E:\Files\PycharmProjects\storage\.venv\Lib\site-packages\django\urls\base.py", line 88, in reverse
    return resolver._reverse_with_prefix(view, prefix, *args, **kwargs)
           ~~~~~~~~~~~~~~~~~~~~~~~~~~~~~^^^^^^^^^^^^^^^^^^^^^^^^^^^^^^^
  File "E:\Files\PycharmProjects\storage\.venv\Lib\site-packages\django\urls\resolvers.py", line 828, in _reverse_with_prefix
    raise NoReverseMatch(msg)
django.urls.exceptions.NoReverseMatch: Reverse for 'index' not found. 'index' is not a valid view function or pattern name.
"POST /items/deposit/ HTTP/1.1" 500 127487
Internal Server Error: /items/deposit/
Traceback (most recent call last):
  File "E:\Files\PycharmProjects\storage\src\apps\items\views.py", line 35, in deposit_item
    return redirect('items:deposit')
  File "E:\Files\PycharmProjects\storage\.venv\Lib\site-packages\django\shortcuts.py", line 48, in redirect
    return redirect_class(resolve_url(to, *args, **kwargs))
                          ~~~~~~~~~~~^^^^^^^^^^^^^^^^^^^^^
  File "E:\Files\PycharmProjects\storage\.venv\Lib\site-packages\django\shortcuts.py", line 145, in resolve_url
    return reverse(to, args=args, kwargs=kwargs)
  File "E:\Files\PycharmProjects\storage\.venv\Lib\site-packages\django\urls\base.py", line 88, in reverse
    return resolver._reverse_with_prefix(view, prefix, *args, **kwargs)
           ~~~~~~~~~~~~~~~~~~~~~~~~~~~~~^^^^^^^^^^^^^^^^^^^^^^^^^^^^^^^
  File "E:\Files\PycharmProjects\storage\.venv\Lib\site-packages\django\urls\resolvers.py", line 828, in _reverse_with_prefix
    raise NoReverseMatch(msg)
django.urls.exceptions.NoReverseMatch: Reverse for 'deposit' not found. 'deposit' is not a valid view function or pattern name.

During handling of the above exception, another exception occurred:

Traceback (most recent call last):
  File "E:\Files\PycharmProjects\storage\.venv\Lib\site-packages\django\core\handlers\exception.py", line 55, in inner
    response = get_response(request)
  File "E:\Files\PycharmProjects\storage\.venv\Lib\site-packages\django\core\handlers\base.py", line 197, in _get_response
    response = wrapped_callback(request, *callback_args, **callback_kwargs)
  File "E:\Files\PycharmProjects\storage\.venv\Lib\site-packages\django\contrib\auth\decorators.py", line 23, in _wrapper_view
    return view_func(request, *args, **kwargs)
  File "E:\Files\PycharmProjects\storage\src\apps\items\views.py", line 37, in deposit_item
    return redirect('items:index')
  File "E:\Files\PycharmProjects\storage\.venv\Lib\site-packages\django\shortcuts.py", line 48, in redirect
    return redirect_class(resolve_url(to, *args, **kwargs))
                          ~~~~~~~~~~~^^^^^^^^^^^^^^^^^^^^^
  File "E:\Files\PycharmProjects\storage\.venv\Lib\site-packages\django\shortcuts.py", line 145, in resolve_url
    return reverse(to, args=args, kwargs=kwargs)
  File "E:\Files\PycharmProjects\storage\.venv\Lib\site-packages\django\urls\base.py", line 88, in reverse
    return resolver._reverse_with_prefix(view, prefix, *args, **kwargs)
           ~~~~~~~~~~~~~~~~~~~~~~~~~~~~~^^^^^^^^^^^^^^^^^^^^^^^^^^^^^^^
  File "E:\Files\PycharmProjects\storage\.venv\Lib\site-packages\django\urls\resolvers.py", line 828, in _reverse_with_prefix
    raise NoReverseMatch(msg)
django.urls.exceptions.NoReverseMatch: Reverse for 'index' not found. 'index' is not a valid view function or pattern name.
"POST /items/deposit/ HTTP/1.1" 500 127487
E:\Files\PycharmProjects\storage\src\apps\items\models.py changed, reloading.
Watching for file changes with StatReloader
E:\Files\PycharmProjects\storage\src\apps\items\views.py changed, reloading.
Watching for file changes with StatReloader
Watching for file changes with StatReloader
Watching for file changes with StatReloader
"GET / HTTP/1.1" 200 22930
"GET / HTTP/1.1" 200 22969
"GET / HTTP/1.1" 200 22969
Method Not Allowed (POST): /
"POST / HTTP/1.1" 405 0
"GET / HTTP/1.1" 200 22969
Watching for file changes with StatReloader
"GET / HTTP/1.1" 200 22969
"POST /items/generate_tag/ HTTP/1.1" 200 1242
Watching for file changes with StatReloader
"GET / HTTP/1.1" 200 27758
"GET / HTTP/1.1" 200 22969
"POST /items/generate_tag/ HTTP/1.1" 200 1230
"POST /items/generate_tag/ HTTP/1.1" 200 1222
"POST /items/generate_tag/ HTTP/1.1" 200 1246
"POST /items/generate_tag/ HTTP/1.1" 200 1254
"POST /items/generate_tag/ HTTP/1.1" 200 1238
Watching for file changes with StatReloader
"GET / HTTP/1.1" 200 14811
"GET / HTTP/1.1" 200 14803
"GET / HTTP/1.1" 200 14803
"GET / HTTP/1.1" 200 14835
Watching for file changes with StatReloader
Internal Server Error: /
Traceback (most recent call last):
  File "E:\Files\PycharmProjects\storage\.venv\Lib\site-packages\django\template\base.py", line 505, in parse
    compile_func = self.tags[command]
                   ~~~~~~~~~^^^^^^^^^
KeyError: 'static'

During handling of the above exception, another exception occurred:

Traceback (most recent call last):
  File "E:\Files\PycharmProjects\storage\.venv\Lib\site-packages\django\core\handlers\exception.py", line 55, in inner
    response = get_response(request)
  File "E:\Files\PycharmProjects\storage\.venv\Lib\site-packages\django\core\handlers\base.py", line 220, in _get_response
    response = response.render()
  File "E:\Files\PycharmProjects\storage\.venv\Lib\site-packages\django\template\response.py", line 114, in render
    self.content = self.rendered_content
                   ^^^^^^^^^^^^^^^^^^^^^
  File "E:\Files\PycharmProjects\storage\.venv\Lib\site-packages\django\template\response.py", line 90, in rendered_content
    template = self.resolve_template(self.template_name)
  File "E:\Files\PycharmProjects\storage\.venv\Lib\site-packages\django\template\response.py", line 72, in resolve_template
    return select_template(template, using=self.using)
  File "E:\Files\PycharmProjects\storage\.venv\Lib\site-packages\django\template\loader.py", line 42, in select_template
    return engine.get_template(template_name)
           ~~~~~~~~~~~~~~~~~~~^^^^^^^^^^^^^^^
  File "E:\Files\PycharmProjects\storage\.venv\Lib\site-packages\django\template\backends\django.py", line 33, in get_template
    return Template(self.engine.get_template(template_name), self)
                    ~~~~~~~~~~~~~~~~~~~~~~~~^^^^^^^^^^^^^^^
  File "E:\Files\PycharmProjects\storage\.venv\Lib\site-packages\django\template\engine.py", line 175, in get_template
    template, origin = self.find_template(template_name)
                       ~~~~~~~~~~~~~~~~~~^^^^^^^^^^^^^^^
  File "E:\Files\PycharmProjects\storage\.venv\Lib\site-packages\django\template\engine.py", line 157, in find_template
    template = loader.get_template(name, skip=skip)
  File "E:\Files\PycharmProjects\storage\.venv\Lib\site-packages\django\template\loaders\cached.py", line 57, in get_template
    template = super().get_template(template_name, skip)
  File "E:\Files\PycharmProjects\storage\.venv\Lib\site-packages\django\template\loaders\base.py", line 28, in get_template
    return Template(
        contents,
    ...<2 lines>...
        self.engine,
    )
  File "E:\Files\PycharmProjects\storage\.venv\Lib\site-packages\django\template\base.py", line 154, in __init__
    self.nodelist = self.compile_nodelist()
                    ~~~~~~~~~~~~~~~~~~~~~^^
  File "E:\Files\PycharmProjects\storage\.venv\Lib\site-packages\django\template\base.py", line 200, in compile_nodelist
    return parser.parse()
           ~~~~~~~~~~~~^^
  File "E:\Files\PycharmProjects\storage\.venv\Lib\site-packages\django\template\base.py", line 507, in parse
    self.invalid_block_tag(token, command, parse_until)
    ~~~~~~~~~~~~~~~~~~~~~~^^^^^^^^^^^^^^^^^^^^^^^^^^^^^
  File "E:\Files\PycharmProjects\storage\.venv\Lib\site-packages\django\template\base.py", line 568, in invalid_block_tag
    raise self.error(
    ...<3 lines>...
    )
django.template.exceptions.TemplateSyntaxError: Invalid block tag on line 77: 'static'. Did you forget to register or load this tag?
"GET / HTTP/1.1" 500 155080
Watching for file changes with StatReloader
"GET / HTTP/1.1" 200 10342
"GET /static/js/deposit_module.js HTTP/1.1" 200 5665
"GET /?ide_webview_request_time=1763924170940 HTTP/1.1" 200 10342
"GET /static/js/deposit_module.js HTTP/1.1" 200 5665
Not Found: /@vite/client
"GET /@vite/client HTTP/1.1" 404 2930
